<?xml version="1.0" encoding="UTF-8"?>
<robot generator="Robot 7.3.1 (Python 3.13.3 on win32)" generated="2025-10-06T17:58:02.638214" rpa="false" schemaversion="5">
<suite id="s1" name="DEFINITY REGRESSION" source="C:\Users\costrategix\PycharmProjects\DEFINITY_REGRESSION">
<suite id="s1-s1" name="Tests" source="C:\Users\costrategix\PycharmProjects\DEFINITY_REGRESSION\Tests">
<suite id="s1-s1-s1" name="GWM tests" source="C:\Users\costrategix\PycharmProjects\DEFINITY_REGRESSION\Tests\GWM_tests.robot">
<test id="s1-s1-s1-t1" name="Validate ability to create open shifts by double tap on calender" line="158">
<kw name="open browser with url and login" owner="resource" type="SETUP">
<kw name="Create Webdriver" owner="SeleniumLibrary">
<msg time="2025-10-06T17:58:03.141012" level="INFO">Creating an instance of the Chrome WebDriver.</msg>
<arg>${BROWSER}</arg>
<doc>Creates an instance of Selenium WebDriver.</doc>
<status status="PASS" start="2025-10-06T17:58:03.140862" elapsed="1.364163"/>
</kw>
<kw name="Go To" owner="SeleniumLibrary">
<msg time="2025-10-06T17:58:04.505442" level="INFO">Opening url 'https://testorg-security-qa1.internal-definitywfs.com/signin'</msg>
<arg>${url}</arg>
<doc>Navigates the current browser window to the provided ``url``.</doc>
<status status="PASS" start="2025-10-06T17:58:04.505249" elapsed="1.805502"/>
</kw>
<kw name="Maximize Browser Window" owner="SeleniumLibrary">
<doc>Maximizes current browser window.</doc>
<status status="PASS" start="2025-10-06T17:58:06.310972" elapsed="0.036521"/>
</kw>
<kw name="Wait Until Page Ready" owner="resource">
<kw name="Wait Until Page Contains Element" owner="SeleniumLibrary">
<arg>xpath=//body</arg>
<arg>${TIMEOUT}</arg>
<doc>Waits until the element ``locator`` appears on the current page.</doc>
<status status="PASS" start="2025-10-06T17:58:06.348025" elapsed="0.013893"/>
</kw>
<kw name="Wait Until Any Loaders Disappear" owner="resource">
<kw name="Run Keyword And Ignore Error" owner="BuiltIn">
<kw name="Wait Until Element Is Not Visible" owner="SeleniumLibrary">
<arg>xpath=//div[contains(@class, 'page-loader')]</arg>
<arg>${TIMEOUT}</arg>
<doc>Waits until the element ``locator`` is not visible.</doc>
<status status="PASS" start="2025-10-06T17:58:06.362627" elapsed="0.011254"/>
</kw>
<arg>Wait Until Element Is Not Visible</arg>
<arg>xpath=//div[contains(@class, 'page-loader')]</arg>
<arg>${TIMEOUT}</arg>
<doc>Runs the given keyword with the given arguments and ignores possible error.</doc>
<status status="PASS" start="2025-10-06T17:58:06.362469" elapsed="0.011533"/>
</kw>
<kw name="Run Keyword And Ignore Error" owner="BuiltIn">
<kw name="Wait Until Element Is Not Visible" owner="SeleniumLibrary">
<arg>xpath=//div[contains(@class, 'loading-overlay')]</arg>
<arg>${TIMEOUT}</arg>
<doc>Waits until the element ``locator`` is not visible.</doc>
<status status="PASS" start="2025-10-06T17:58:06.374486" elapsed="0.010313"/>
</kw>
<arg>Wait Until Element Is Not Visible</arg>
<arg>xpath=//div[contains(@class, 'loading-overlay')]</arg>
<arg>${TIMEOUT}</arg>
<doc>Runs the given keyword with the given arguments and ignores possible error.</doc>
<status status="PASS" start="2025-10-06T17:58:06.374266" elapsed="0.010628"/>
</kw>
<kw name="Run Keyword And Ignore Error" owner="BuiltIn">
<kw name="Wait Until Element Is Not Visible" owner="SeleniumLibrary">
<arg>xpath=//div[contains(@class, 'vm-loading-wrapper')]</arg>
<arg>${TIMEOUT}</arg>
<doc>Waits until the element ``locator`` is not visible.</doc>
<status status="PASS" start="2025-10-06T17:58:06.385276" elapsed="0.011866"/>
</kw>
<arg>Wait Until Element Is Not Visible</arg>
<arg>xpath=//div[contains(@class, 'vm-loading-wrapper')]</arg>
<arg>${TIMEOUT}</arg>
<doc>Runs the given keyword with the given arguments and ignores possible error.</doc>
<status status="PASS" start="2025-10-06T17:58:06.385088" elapsed="0.012162"/>
</kw>
<kw name="Run Keyword And Ignore Error" owner="BuiltIn">
<kw name="Wait Until Element Is Not Visible" owner="SeleniumLibrary">
<arg>xpath=//div[contains(@class, 'modal-backdrop')]</arg>
<arg>${TIMEOUT}</arg>
<doc>Waits until the element ``locator`` is not visible.</doc>
<status status="PASS" start="2025-10-06T17:58:06.397559" elapsed="0.010618"/>
</kw>
<arg>Wait Until Element Is Not Visible</arg>
<arg>xpath=//div[contains(@class, 'modal-backdrop')]</arg>
<arg>${TIMEOUT}</arg>
<doc>Runs the given keyword with the given arguments and ignores possible error.</doc>
<status status="PASS" start="2025-10-06T17:58:06.397407" elapsed="0.010884"/>
</kw>
<status status="PASS" start="2025-10-06T17:58:06.362190" elapsed="0.046201"/>
</kw>
<kw name="Wait Until Network Is Idle" owner="resource">
<kw name="Wait Until Keyword Succeeds" owner="BuiltIn">
<kw name="Execute Javascript" owner="SeleniumLibrary">
<msg time="2025-10-06T17:58:06.409661" level="INFO">Executing JavaScript:
return window.performance.getEntriesByType('resource').filter(e =&gt; e.initiatorType === 'xmlhttprequest' || e.initiatorType === 'fetch').every(e =&gt; e.responseEnd &gt; 0);
Without any arguments.</msg>
<arg>return window.performance.getEntriesByType('resource').filter(e =&gt; e.initiatorType === 'xmlhttprequest' || e.initiatorType === 'fetch').every(e =&gt; e.responseEnd &gt; 0);</arg>
<doc>Executes the given JavaScript code with possible arguments.</doc>
<status status="PASS" start="2025-10-06T17:58:06.409282" elapsed="0.007536"/>
</kw>
<arg>10x</arg>
<arg>1s</arg>
<arg>Execute JavaScript</arg>
<arg>return window.performance.getEntriesByType('resource').filter(e =&gt; e.initiatorType === 'xmlhttprequest' || e.initiatorType === 'fetch').every(e =&gt; e.responseEnd &gt; 0);</arg>
<doc>Runs the specified keyword and retries if it fails.</doc>
<status status="PASS" start="2025-10-06T17:58:06.409046" elapsed="0.007859"/>
</kw>
<doc>Waits until there are no active network requests (XHR/fetch)</doc>
<status status="PASS" start="2025-10-06T17:58:06.408582" elapsed="0.008397"/>
</kw>
<kw name="Wait Until DOM Is Stable" owner="resource">
<kw name="Execute Javascript" owner="SeleniumLibrary">
<msg time="2025-10-06T17:58:06.417737" level="INFO">Executing JavaScript:
return document.getElementsByTagName('*').length;
Without any arguments.</msg>
<msg time="2025-10-06T17:58:06.423614" level="INFO">${initial} = 68</msg>
<var>${initial}</var>
<arg>return document.getElementsByTagName('*').length;</arg>
<doc>Executes the given JavaScript code with possible arguments.</doc>
<status status="PASS" start="2025-10-06T17:58:06.417409" elapsed="0.006247"/>
</kw>
<kw name="Sleep" owner="BuiltIn">
<msg time="2025-10-06T17:58:06.924645" level="INFO">Slept 500 milliseconds.</msg>
<arg>0.5s</arg>
<doc>Pauses the test executed for the given time.</doc>
<status status="PASS" start="2025-10-06T17:58:06.423816" elapsed="0.501068"/>
</kw>
<kw name="Execute Javascript" owner="SeleniumLibrary">
<msg time="2025-10-06T17:58:06.925980" level="INFO">Executing JavaScript:
return document.getElementsByTagName('*').length;
Without any arguments.</msg>
<msg time="2025-10-06T17:58:06.936520" level="INFO">${after} = 68</msg>
<var>${after}</var>
<arg>return document.getElementsByTagName('*').length;</arg>
<doc>Executes the given JavaScript code with possible arguments.</doc>
<status status="PASS" start="2025-10-06T17:58:06.925270" elapsed="0.011340"/>
</kw>
<while condition="${initial} != ${after}">
<iter>
<kw name="Set Variable" owner="BuiltIn">
<var>${initial}</var>
<arg>${after}</arg>
<doc>Returns the given values which can then be assigned to a variables.</doc>
<status status="NOT RUN" start="2025-10-06T17:58:06.937628" elapsed="0.000081"/>
</kw>
<kw name="Sleep" owner="BuiltIn">
<arg>0.5s</arg>
<doc>Pauses the test executed for the given time.</doc>
<status status="NOT RUN" start="2025-10-06T17:58:06.937973" elapsed="0.000089"/>
</kw>
<kw name="Execute Javascript" owner="SeleniumLibrary">
<var>${after}</var>
<arg>return document.getElementsByTagName('*').length;</arg>
<doc>Executes the given JavaScript code with possible arguments.</doc>
<status status="NOT RUN" start="2025-10-06T17:58:06.938464" elapsed="0.000834"/>
</kw>
<status status="NOT RUN" start="2025-10-06T17:58:06.936799" elapsed="0.002715"/>
</iter>
<status status="NOT RUN" start="2025-10-06T17:58:06.936794" elapsed="0.002785"/>
</while>
<status status="PASS" start="2025-10-06T17:58:06.417166" elapsed="0.522488"/>
</kw>
<status status="PASS" start="2025-10-06T17:58:06.347734" elapsed="0.591962"/>
</kw>
<kw name="Input Text" owner="SeleniumLibrary">
<msg time="2025-10-06T17:58:06.940469" level="INFO">Typing text 'sonu.satyam@costrategix.com' into text field 'xpath://input[@name='emailAddress']'.</msg>
<arg>xpath://input[@name='emailAddress']</arg>
<arg>${username}</arg>
<doc>Types the given ``text`` into the text field identified by ``locator``.</doc>
<status status="PASS" start="2025-10-06T17:58:06.939877" elapsed="0.154868"/>
</kw>
<kw name="Wait Until Page Ready" owner="resource">
<kw name="Wait Until Page Contains Element" owner="SeleniumLibrary">
<arg>xpath=//body</arg>
<arg>${TIMEOUT}</arg>
<doc>Waits until the element ``locator`` appears on the current page.</doc>
<status status="PASS" start="2025-10-06T17:58:07.095252" elapsed="0.005855"/>
</kw>
<kw name="Wait Until Any Loaders Disappear" owner="resource">
<kw name="Run Keyword And Ignore Error" owner="BuiltIn">
<kw name="Wait Until Element Is Not Visible" owner="SeleniumLibrary">
<arg>xpath=//div[contains(@class, 'page-loader')]</arg>
<arg>${TIMEOUT}</arg>
<doc>Waits until the element ``locator`` is not visible.</doc>
<status status="PASS" start="2025-10-06T17:58:07.101678" elapsed="0.004628"/>
</kw>
<arg>Wait Until Element Is Not Visible</arg>
<arg>xpath=//div[contains(@class, 'page-loader')]</arg>
<arg>${TIMEOUT}</arg>
<doc>Runs the given keyword with the given arguments and ignores possible error.</doc>
<status status="PASS" start="2025-10-06T17:58:07.101537" elapsed="0.004849"/>
</kw>
<kw name="Run Keyword And Ignore Error" owner="BuiltIn">
<kw name="Wait Until Element Is Not Visible" owner="SeleniumLibrary">
<arg>xpath=//div[contains(@class, 'loading-overlay')]</arg>
<arg>${TIMEOUT}</arg>
<doc>Waits until the element ``locator`` is not visible.</doc>
<status status="PASS" start="2025-10-06T17:58:07.106656" elapsed="0.005801"/>
</kw>
<arg>Wait Until Element Is Not Visible</arg>
<arg>xpath=//div[contains(@class, 'loading-overlay')]</arg>
<arg>${TIMEOUT}</arg>
<doc>Runs the given keyword with the given arguments and ignores possible error.</doc>
<status status="PASS" start="2025-10-06T17:58:07.106515" elapsed="0.006037"/>
</kw>
<kw name="Run Keyword And Ignore Error" owner="BuiltIn">
<kw name="Wait Until Element Is Not Visible" owner="SeleniumLibrary">
<arg>xpath=//div[contains(@class, 'vm-loading-wrapper')]</arg>
<arg>${TIMEOUT}</arg>
<doc>Waits until the element ``locator`` is not visible.</doc>
<status status="PASS" start="2025-10-06T17:58:07.112871" elapsed="0.006255"/>
</kw>
<arg>Wait Until Element Is Not Visible</arg>
<arg>xpath=//div[contains(@class, 'vm-loading-wrapper')]</arg>
<arg>${TIMEOUT}</arg>
<doc>Runs the given keyword with the given arguments and ignores possible error.</doc>
<status status="PASS" start="2025-10-06T17:58:07.112708" elapsed="0.006587"/>
</kw>
<kw name="Run Keyword And Ignore Error" owner="BuiltIn">
<kw name="Wait Until Element Is Not Visible" owner="SeleniumLibrary">
<arg>xpath=//div[contains(@class, 'modal-backdrop')]</arg>
<arg>${TIMEOUT}</arg>
<doc>Waits until the element ``locator`` is not visible.</doc>
<status status="PASS" start="2025-10-06T17:58:07.119881" elapsed="0.007836"/>
</kw>
<arg>Wait Until Element Is Not Visible</arg>
<arg>xpath=//div[contains(@class, 'modal-backdrop')]</arg>
<arg>${TIMEOUT}</arg>
<doc>Runs the given keyword with the given arguments and ignores possible error.</doc>
<status status="PASS" start="2025-10-06T17:58:07.119573" elapsed="0.008236"/>
</kw>
<status status="PASS" start="2025-10-06T17:58:07.101302" elapsed="0.026575"/>
</kw>
<kw name="Wait Until Network Is Idle" owner="resource">
<kw name="Wait Until Keyword Succeeds" owner="BuiltIn">
<kw name="Execute Javascript" owner="SeleniumLibrary">
<msg time="2025-10-06T17:58:07.128745" level="INFO">Executing JavaScript:
return window.performance.getEntriesByType('resource').filter(e =&gt; e.initiatorType === 'xmlhttprequest' || e.initiatorType === 'fetch').every(e =&gt; e.responseEnd &gt; 0);
Without any arguments.</msg>
<arg>return window.performance.getEntriesByType('resource').filter(e =&gt; e.initiatorType === 'xmlhttprequest' || e.initiatorType === 'fetch').every(e =&gt; e.responseEnd &gt; 0);</arg>
<doc>Executes the given JavaScript code with possible arguments.</doc>
<status status="PASS" start="2025-10-06T17:58:07.128432" elapsed="0.005893"/>
</kw>
<arg>10x</arg>
<arg>1s</arg>
<arg>Execute JavaScript</arg>
<arg>return window.performance.getEntriesByType('resource').filter(e =&gt; e.initiatorType === 'xmlhttprequest' || e.initiatorType === 'fetch').every(e =&gt; e.responseEnd &gt; 0);</arg>
<doc>Runs the specified keyword and retries if it fails.</doc>
<status status="PASS" start="2025-10-06T17:58:07.128260" elapsed="0.006193"/>
</kw>
<doc>Waits until there are no active network requests (XHR/fetch)</doc>
<status status="PASS" start="2025-10-06T17:58:07.128023" elapsed="0.006543"/>
</kw>
<kw name="Wait Until DOM Is Stable" owner="resource">
<kw name="Execute Javascript" owner="SeleniumLibrary">
<msg time="2025-10-06T17:58:07.135743" level="INFO">Executing JavaScript:
return document.getElementsByTagName('*').length;
Without any arguments.</msg>
<msg time="2025-10-06T17:58:07.145522" level="INFO">${initial} = 68</msg>
<var>${initial}</var>
<arg>return document.getElementsByTagName('*').length;</arg>
<doc>Executes the given JavaScript code with possible arguments.</doc>
<status status="PASS" start="2025-10-06T17:58:07.135223" elapsed="0.010366"/>
</kw>
<kw name="Sleep" owner="BuiltIn">
<msg time="2025-10-06T17:58:07.646531" level="INFO">Slept 500 milliseconds.</msg>
<arg>0.5s</arg>
<doc>Pauses the test executed for the given time.</doc>
<status status="PASS" start="2025-10-06T17:58:07.145844" elapsed="0.500794"/>
</kw>
<kw name="Execute Javascript" owner="SeleniumLibrary">
<msg time="2025-10-06T17:58:07.647192" level="INFO">Executing JavaScript:
return document.getElementsByTagName('*').length;
Without any arguments.</msg>
<msg time="2025-10-06T17:58:07.656475" level="INFO">${after} = 68</msg>
<var>${after}</var>
<arg>return document.getElementsByTagName('*').length;</arg>
<doc>Executes the given JavaScript code with possible arguments.</doc>
<status status="PASS" start="2025-10-06T17:58:07.646807" elapsed="0.009758"/>
</kw>
<while condition="${initial} != ${after}">
<iter>
<kw name="Set Variable" owner="BuiltIn">
<var>${initial}</var>
<arg>${after}</arg>
<doc>Returns the given values which can then be assigned to a variables.</doc>
<status status="NOT RUN" start="2025-10-06T17:58:07.657475" elapsed="0.000067"/>
</kw>
<kw name="Sleep" owner="BuiltIn">
<arg>0.5s</arg>
<doc>Pauses the test executed for the given time.</doc>
<status status="NOT RUN" start="2025-10-06T17:58:07.657780" elapsed="0.000071"/>
</kw>
<kw name="Execute Javascript" owner="SeleniumLibrary">
<var>${after}</var>
<arg>return document.getElementsByTagName('*').length;</arg>
<doc>Executes the given JavaScript code with possible arguments.</doc>
<status status="NOT RUN" start="2025-10-06T17:58:07.658137" elapsed="0.000063"/>
</kw>
<status status="NOT RUN" start="2025-10-06T17:58:07.656755" elapsed="0.001541"/>
</iter>
<status status="NOT RUN" start="2025-10-06T17:58:07.656751" elapsed="0.001629"/>
</while>
<status status="PASS" start="2025-10-06T17:58:07.134848" elapsed="0.523618"/>
</kw>
<status status="PASS" start="2025-10-06T17:58:07.094975" elapsed="0.563547"/>
</kw>
<kw name="Input Password" owner="SeleniumLibrary">
<msg time="2025-10-06T17:58:07.658826" level="INFO">Typing password into text field 'xpath://input[@name='password']'.</msg>
<msg time="2025-10-06T17:58:07.705764" level="INFO">Temporally setting log level to: NONE</msg>
<arg>xpath://input[@name='password']</arg>
<arg>${password}</arg>
<doc>Types the given password into the text field identified by ``locator``.</doc>
<status status="PASS" start="2025-10-06T17:58:07.658601" elapsed="0.112825"/>
</kw>
<kw name="Wait Until Page Ready" owner="resource">
<kw name="Wait Until Page Contains Element" owner="SeleniumLibrary">
<arg>xpath=//body</arg>
<arg>${TIMEOUT}</arg>
<doc>Waits until the element ``locator`` appears on the current page.</doc>
<status status="PASS" start="2025-10-06T17:58:07.771946" elapsed="0.006225"/>
</kw>
<kw name="Wait Until Any Loaders Disappear" owner="resource">
<kw name="Run Keyword And Ignore Error" owner="BuiltIn">
<kw name="Wait Until Element Is Not Visible" owner="SeleniumLibrary">
<arg>xpath=//div[contains(@class, 'page-loader')]</arg>
<arg>${TIMEOUT}</arg>
<doc>Waits until the element ``locator`` is not visible.</doc>
<status status="PASS" start="2025-10-06T17:58:07.778713" elapsed="0.005564"/>
</kw>
<arg>Wait Until Element Is Not Visible</arg>
<arg>xpath=//div[contains(@class, 'page-loader')]</arg>
<arg>${TIMEOUT}</arg>
<doc>Runs the given keyword with the given arguments and ignores possible error.</doc>
<status status="PASS" start="2025-10-06T17:58:07.778591" elapsed="0.005800"/>
</kw>
<kw name="Run Keyword And Ignore Error" owner="BuiltIn">
<kw name="Wait Until Element Is Not Visible" owner="SeleniumLibrary">
<arg>xpath=//div[contains(@class, 'loading-overlay')]</arg>
<arg>${TIMEOUT}</arg>
<doc>Waits until the element ``locator`` is not visible.</doc>
<status status="PASS" start="2025-10-06T17:58:07.784790" elapsed="0.007650"/>
</kw>
<arg>Wait Until Element Is Not Visible</arg>
<arg>xpath=//div[contains(@class, 'loading-overlay')]</arg>
<arg>${TIMEOUT}</arg>
<doc>Runs the given keyword with the given arguments and ignores possible error.</doc>
<status status="PASS" start="2025-10-06T17:58:07.784581" elapsed="0.007962"/>
</kw>
<kw name="Run Keyword And Ignore Error" owner="BuiltIn">
<kw name="Wait Until Element Is Not Visible" owner="SeleniumLibrary">
<arg>xpath=//div[contains(@class, 'vm-loading-wrapper')]</arg>
<arg>${TIMEOUT}</arg>
<doc>Waits until the element ``locator`` is not visible.</doc>
<status status="PASS" start="2025-10-06T17:58:07.792885" elapsed="0.009331"/>
</kw>
<arg>Wait Until Element Is Not Visible</arg>
<arg>xpath=//div[contains(@class, 'vm-loading-wrapper')]</arg>
<arg>${TIMEOUT}</arg>
<doc>Runs the given keyword with the given arguments and ignores possible error.</doc>
<status status="PASS" start="2025-10-06T17:58:07.792708" elapsed="0.009679"/>
</kw>
<kw name="Run Keyword And Ignore Error" owner="BuiltIn">
<kw name="Wait Until Element Is Not Visible" owner="SeleniumLibrary">
<arg>xpath=//div[contains(@class, 'modal-backdrop')]</arg>
<arg>${TIMEOUT}</arg>
<doc>Waits until the element ``locator`` is not visible.</doc>
<status status="PASS" start="2025-10-06T17:58:07.802982" elapsed="0.010900"/>
</kw>
<arg>Wait Until Element Is Not Visible</arg>
<arg>xpath=//div[contains(@class, 'modal-backdrop')]</arg>
<arg>${TIMEOUT}</arg>
<doc>Runs the given keyword with the given arguments and ignores possible error.</doc>
<status status="PASS" start="2025-10-06T17:58:07.802673" elapsed="0.011339"/>
</kw>
<status status="PASS" start="2025-10-06T17:58:07.778368" elapsed="0.035786"/>
</kw>
<kw name="Wait Until Network Is Idle" owner="resource">
<kw name="Wait Until Keyword Succeeds" owner="BuiltIn">
<kw name="Execute Javascript" owner="SeleniumLibrary">
<msg time="2025-10-06T17:58:07.815964" level="INFO">Executing JavaScript:
return window.performance.getEntriesByType('resource').filter(e =&gt; e.initiatorType === 'xmlhttprequest' || e.initiatorType === 'fetch').every(e =&gt; e.responseEnd &gt; 0);
Without any arguments.</msg>
<arg>return window.performance.getEntriesByType('resource').filter(e =&gt; e.initiatorType === 'xmlhttprequest' || e.initiatorType === 'fetch').every(e =&gt; e.responseEnd &gt; 0);</arg>
<doc>Executes the given JavaScript code with possible arguments.</doc>
<status status="PASS" start="2025-10-06T17:58:07.815321" elapsed="0.009793"/>
</kw>
<arg>10x</arg>
<arg>1s</arg>
<arg>Execute JavaScript</arg>
<arg>return window.performance.getEntriesByType('resource').filter(e =&gt; e.initiatorType === 'xmlhttprequest' || e.initiatorType === 'fetch').every(e =&gt; e.responseEnd &gt; 0);</arg>
<doc>Runs the specified keyword and retries if it fails.</doc>
<status status="PASS" start="2025-10-06T17:58:07.814923" elapsed="0.010376"/>
</kw>
<doc>Waits until there are no active network requests (XHR/fetch)</doc>
<status status="PASS" start="2025-10-06T17:58:07.814445" elapsed="0.011037"/>
</kw>
<kw name="Wait Until DOM Is Stable" owner="resource">
<kw name="Execute Javascript" owner="SeleniumLibrary">
<msg time="2025-10-06T17:58:07.826680" level="INFO">Executing JavaScript:
return document.getElementsByTagName('*').length;
Without any arguments.</msg>
<msg time="2025-10-06T17:58:07.833321" level="INFO">${initial} = 68</msg>
<var>${initial}</var>
<arg>return document.getElementsByTagName('*').length;</arg>
<doc>Executes the given JavaScript code with possible arguments.</doc>
<status status="PASS" start="2025-10-06T17:58:07.826387" elapsed="0.007006"/>
</kw>
<kw name="Sleep" owner="BuiltIn">
<msg time="2025-10-06T17:58:08.334746" level="INFO">Slept 500 milliseconds.</msg>
<arg>0.5s</arg>
<doc>Pauses the test executed for the given time.</doc>
<status status="PASS" start="2025-10-06T17:58:07.833662" elapsed="0.501302"/>
</kw>
<kw name="Execute Javascript" owner="SeleniumLibrary">
<msg time="2025-10-06T17:58:08.336086" level="INFO">Executing JavaScript:
return document.getElementsByTagName('*').length;
Without any arguments.</msg>
<msg time="2025-10-06T17:58:08.348738" level="INFO">${after} = 68</msg>
<var>${after}</var>
<arg>return document.getElementsByTagName('*').length;</arg>
<doc>Executes the given JavaScript code with possible arguments.</doc>
<status status="PASS" start="2025-10-06T17:58:08.335332" elapsed="0.013494"/>
</kw>
<while condition="${initial} != ${after}">
<iter>
<kw name="Set Variable" owner="BuiltIn">
<var>${initial}</var>
<arg>${after}</arg>
<doc>Returns the given values which can then be assigned to a variables.</doc>
<status status="NOT RUN" start="2025-10-06T17:58:08.349652" elapsed="0.000070"/>
</kw>
<kw name="Sleep" owner="BuiltIn">
<arg>0.5s</arg>
<doc>Pauses the test executed for the given time.</doc>
<status status="NOT RUN" start="2025-10-06T17:58:08.349998" elapsed="0.000059"/>
</kw>
<kw name="Execute Javascript" owner="SeleniumLibrary">
<var>${after}</var>
<arg>return document.getElementsByTagName('*').length;</arg>
<doc>Executes the given JavaScript code with possible arguments.</doc>
<status status="NOT RUN" start="2025-10-06T17:58:08.350290" elapsed="0.000057"/>
</kw>
<status status="NOT RUN" start="2025-10-06T17:58:08.349001" elapsed="0.001447"/>
</iter>
<status status="NOT RUN" start="2025-10-06T17:58:08.348998" elapsed="0.001524"/>
</while>
<status status="PASS" start="2025-10-06T17:58:07.826013" elapsed="0.524651"/>
</kw>
<status status="PASS" start="2025-10-06T17:58:07.771726" elapsed="0.579052"/>
</kw>
<kw name="Click Button" owner="SeleniumLibrary">
<msg time="2025-10-06T17:58:08.351358" level="INFO">Clicking button 'xpath://button[@type='submit']'.</msg>
<arg>xpath://button[@type='submit']</arg>
<doc>Clicks the button identified by ``locator``.</doc>
<status status="PASS" start="2025-10-06T17:58:08.350984" elapsed="0.128160"/>
</kw>
<kw name="Wait Until Page Ready" owner="resource">
<kw name="Wait Until Page Contains Element" owner="SeleniumLibrary">
<arg>xpath=//body</arg>
<arg>${TIMEOUT}</arg>
<doc>Waits until the element ``locator`` appears on the current page.</doc>
<status status="PASS" start="2025-10-06T17:58:08.479802" elapsed="0.010048"/>
</kw>
<kw name="Wait Until Any Loaders Disappear" owner="resource">
<kw name="Run Keyword And Ignore Error" owner="BuiltIn">
<kw name="Wait Until Element Is Not Visible" owner="SeleniumLibrary">
<arg>xpath=//div[contains(@class, 'page-loader')]</arg>
<arg>${TIMEOUT}</arg>
<doc>Waits until the element ``locator`` is not visible.</doc>
<status status="PASS" start="2025-10-06T17:58:08.490341" elapsed="0.008334"/>
</kw>
<arg>Wait Until Element Is Not Visible</arg>
<arg>xpath=//div[contains(@class, 'page-loader')]</arg>
<arg>${TIMEOUT}</arg>
<doc>Runs the given keyword with the given arguments and ignores possible error.</doc>
<status status="PASS" start="2025-10-06T17:58:08.490226" elapsed="0.008574"/>
</kw>
<kw name="Run Keyword And Ignore Error" owner="BuiltIn">
<kw name="Wait Until Element Is Not Visible" owner="SeleniumLibrary">
<arg>xpath=//div[contains(@class, 'loading-overlay')]</arg>
<arg>${TIMEOUT}</arg>
<doc>Waits until the element ``locator`` is not visible.</doc>
<status status="PASS" start="2025-10-06T17:58:08.499069" elapsed="0.029542"/>
</kw>
<arg>Wait Until Element Is Not Visible</arg>
<arg>xpath=//div[contains(@class, 'loading-overlay')]</arg>
<arg>${TIMEOUT}</arg>
<doc>Runs the given keyword with the given arguments and ignores possible error.</doc>
<status status="PASS" start="2025-10-06T17:58:08.498935" elapsed="0.029823"/>
</kw>
<kw name="Run Keyword And Ignore Error" owner="BuiltIn">
<kw name="Wait Until Element Is Not Visible" owner="SeleniumLibrary">
<arg>xpath=//div[contains(@class, 'vm-loading-wrapper')]</arg>
<arg>${TIMEOUT}</arg>
<doc>Waits until the element ``locator`` is not visible.</doc>
<status status="PASS" start="2025-10-06T17:58:08.529230" elapsed="0.010655"/>
</kw>
<arg>Wait Until Element Is Not Visible</arg>
<arg>xpath=//div[contains(@class, 'vm-loading-wrapper')]</arg>
<arg>${TIMEOUT}</arg>
<doc>Runs the given keyword with the given arguments and ignores possible error.</doc>
<status status="PASS" start="2025-10-06T17:58:08.528993" elapsed="0.011137"/>
</kw>
<kw name="Run Keyword And Ignore Error" owner="BuiltIn">
<kw name="Wait Until Element Is Not Visible" owner="SeleniumLibrary">
<arg>xpath=//div[contains(@class, 'modal-backdrop')]</arg>
<arg>${TIMEOUT}</arg>
<doc>Waits until the element ``locator`` is not visible.</doc>
<status status="PASS" start="2025-10-06T17:58:08.540673" elapsed="0.008398"/>
</kw>
<arg>Wait Until Element Is Not Visible</arg>
<arg>xpath=//div[contains(@class, 'modal-backdrop')]</arg>
<arg>${TIMEOUT}</arg>
<doc>Runs the given keyword with the given arguments and ignores possible error.</doc>
<status status="PASS" start="2025-10-06T17:58:08.540414" elapsed="0.008803"/>
</kw>
<status status="PASS" start="2025-10-06T17:58:08.490023" elapsed="0.059310"/>
</kw>
<kw name="Wait Until Network Is Idle" owner="resource">
<kw name="Wait Until Keyword Succeeds" owner="BuiltIn">
<kw name="Execute Javascript" owner="SeleniumLibrary">
<msg time="2025-10-06T17:58:08.551202" level="INFO">Executing JavaScript:
return window.performance.getEntriesByType('resource').filter(e =&gt; e.initiatorType === 'xmlhttprequest' || e.initiatorType === 'fetch').every(e =&gt; e.responseEnd &gt; 0);
Without any arguments.</msg>
<arg>return window.performance.getEntriesByType('resource').filter(e =&gt; e.initiatorType === 'xmlhttprequest' || e.initiatorType === 'fetch').every(e =&gt; e.responseEnd &gt; 0);</arg>
<doc>Executes the given JavaScript code with possible arguments.</doc>
<status status="PASS" start="2025-10-06T17:58:08.550274" elapsed="0.010306"/>
</kw>
<arg>10x</arg>
<arg>1s</arg>
<arg>Execute JavaScript</arg>
<arg>return window.performance.getEntriesByType('resource').filter(e =&gt; e.initiatorType === 'xmlhttprequest' || e.initiatorType === 'fetch').every(e =&gt; e.responseEnd &gt; 0);</arg>
<doc>Runs the specified keyword and retries if it fails.</doc>
<status status="PASS" start="2025-10-06T17:58:08.549976" elapsed="0.010723"/>
</kw>
<doc>Waits until there are no active network requests (XHR/fetch)</doc>
<status status="PASS" start="2025-10-06T17:58:08.549574" elapsed="0.011217"/>
</kw>
<kw name="Wait Until DOM Is Stable" owner="resource">
<kw name="Execute Javascript" owner="SeleniumLibrary">
<msg time="2025-10-06T17:58:08.561856" level="INFO">Executing JavaScript:
return document.getElementsByTagName('*').length;
Without any arguments.</msg>
<msg time="2025-10-06T17:58:08.565893" level="INFO">${initial} = 66</msg>
<var>${initial}</var>
<arg>return document.getElementsByTagName('*').length;</arg>
<doc>Executes the given JavaScript code with possible arguments.</doc>
<status status="PASS" start="2025-10-06T17:58:08.561380" elapsed="0.004553"/>
</kw>
<kw name="Sleep" owner="BuiltIn">
<msg time="2025-10-06T17:58:09.066818" level="INFO">Slept 500 milliseconds.</msg>
<arg>0.5s</arg>
<doc>Pauses the test executed for the given time.</doc>
<status status="PASS" start="2025-10-06T17:58:08.566076" elapsed="0.500989"/>
</kw>
<kw name="Execute Javascript" owner="SeleniumLibrary">
<msg time="2025-10-06T17:58:09.068293" level="INFO">Executing JavaScript:
return document.getElementsByTagName('*').length;
Without any arguments.</msg>
<msg time="2025-10-06T17:58:09.081082" level="INFO">${after} = 66</msg>
<var>${after}</var>
<arg>return document.getElementsByTagName('*').length;</arg>
<doc>Executes the given JavaScript code with possible arguments.</doc>
<status status="PASS" start="2025-10-06T17:58:09.067475" elapsed="0.013699"/>
</kw>
<while condition="${initial} != ${after}">
<iter>
<kw name="Set Variable" owner="BuiltIn">
<var>${initial}</var>
<arg>${after}</arg>
<doc>Returns the given values which can then be assigned to a variables.</doc>
<status status="NOT RUN" start="2025-10-06T17:58:09.082100" elapsed="0.000102"/>
</kw>
<kw name="Sleep" owner="BuiltIn">
<arg>0.5s</arg>
<doc>Pauses the test executed for the given time.</doc>
<status status="NOT RUN" start="2025-10-06T17:58:09.082446" elapsed="0.000058"/>
</kw>
<kw name="Execute Javascript" owner="SeleniumLibrary">
<var>${after}</var>
<arg>return document.getElementsByTagName('*').length;</arg>
<doc>Executes the given JavaScript code with possible arguments.</doc>
<status status="NOT RUN" start="2025-10-06T17:58:09.082750" elapsed="0.000058"/>
</kw>
<status status="NOT RUN" start="2025-10-06T17:58:09.081373" elapsed="0.001522"/>
</iter>
<status status="NOT RUN" start="2025-10-06T17:58:09.081369" elapsed="0.001599"/>
</while>
<status status="PASS" start="2025-10-06T17:58:08.561043" elapsed="0.522061"/>
</kw>
<status status="PASS" start="2025-10-06T17:58:08.479457" elapsed="0.603763"/>
</kw>
<kw name="Wait Until Page Ready" owner="resource">
<kw name="Wait Until Page Contains Element" owner="SeleniumLibrary">
<arg>xpath=//body</arg>
<arg>${TIMEOUT}</arg>
<doc>Waits until the element ``locator`` appears on the current page.</doc>
<status status="PASS" start="2025-10-06T17:58:09.084002" elapsed="0.016130"/>
</kw>
<kw name="Wait Until Any Loaders Disappear" owner="resource">
<kw name="Run Keyword And Ignore Error" owner="BuiltIn">
<kw name="Wait Until Element Is Not Visible" owner="SeleniumLibrary">
<arg>xpath=//div[contains(@class, 'page-loader')]</arg>
<arg>${TIMEOUT}</arg>
<doc>Waits until the element ``locator`` is not visible.</doc>
<status status="PASS" start="2025-10-06T17:58:09.101508" elapsed="0.016935"/>
</kw>
<arg>Wait Until Element Is Not Visible</arg>
<arg>xpath=//div[contains(@class, 'page-loader')]</arg>
<arg>${TIMEOUT}</arg>
<doc>Runs the given keyword with the given arguments and ignores possible error.</doc>
<status status="PASS" start="2025-10-06T17:58:09.101137" elapsed="0.017410"/>
</kw>
<kw name="Run Keyword And Ignore Error" owner="BuiltIn">
<kw name="Wait Until Element Is Not Visible" owner="SeleniumLibrary">
<arg>xpath=//div[contains(@class, 'loading-overlay')]</arg>
<arg>${TIMEOUT}</arg>
<doc>Waits until the element ``locator`` is not visible.</doc>
<status status="PASS" start="2025-10-06T17:58:09.118925" elapsed="0.011313"/>
</kw>
<arg>Wait Until Element Is Not Visible</arg>
<arg>xpath=//div[contains(@class, 'loading-overlay')]</arg>
<arg>${TIMEOUT}</arg>
<doc>Runs the given keyword with the given arguments and ignores possible error.</doc>
<status status="PASS" start="2025-10-06T17:58:09.118735" elapsed="0.011740"/>
</kw>
<kw name="Run Keyword And Ignore Error" owner="BuiltIn">
<kw name="Wait Until Element Is Not Visible" owner="SeleniumLibrary">
<arg>xpath=//div[contains(@class, 'vm-loading-wrapper')]</arg>
<arg>${TIMEOUT}</arg>
<doc>Waits until the element ``locator`` is not visible.</doc>
<status status="PASS" start="2025-10-06T17:58:09.131380" elapsed="0.013572"/>
</kw>
<arg>Wait Until Element Is Not Visible</arg>
<arg>xpath=//div[contains(@class, 'vm-loading-wrapper')]</arg>
<arg>${TIMEOUT}</arg>
<doc>Runs the given keyword with the given arguments and ignores possible error.</doc>
<status status="PASS" start="2025-10-06T17:58:09.130877" elapsed="0.014264"/>
</kw>
<kw name="Run Keyword And Ignore Error" owner="BuiltIn">
<kw name="Wait Until Element Is Not Visible" owner="SeleniumLibrary">
<arg>xpath=//div[contains(@class, 'modal-backdrop')]</arg>
<arg>${TIMEOUT}</arg>
<doc>Waits until the element ``locator`` is not visible.</doc>
<status status="PASS" start="2025-10-06T17:58:09.145825" elapsed="0.011458"/>
</kw>
<arg>Wait Until Element Is Not Visible</arg>
<arg>xpath=//div[contains(@class, 'modal-backdrop')]</arg>
<arg>${TIMEOUT}</arg>
<doc>Runs the given keyword with the given arguments and ignores possible error.</doc>
<status status="PASS" start="2025-10-06T17:58:09.145489" elapsed="0.011902"/>
</kw>
<status status="PASS" start="2025-10-06T17:58:09.100582" elapsed="0.056882"/>
</kw>
<kw name="Wait Until Network Is Idle" owner="resource">
<kw name="Wait Until Keyword Succeeds" owner="BuiltIn">
<kw name="Execute Javascript" owner="SeleniumLibrary">
<msg time="2025-10-06T17:58:09.160376" level="INFO">Executing JavaScript:
return window.performance.getEntriesByType('resource').filter(e =&gt; e.initiatorType === 'xmlhttprequest' || e.initiatorType === 'fetch').every(e =&gt; e.responseEnd &gt; 0);
Without any arguments.</msg>
<arg>return window.performance.getEntriesByType('resource').filter(e =&gt; e.initiatorType === 'xmlhttprequest' || e.initiatorType === 'fetch').every(e =&gt; e.responseEnd &gt; 0);</arg>
<doc>Executes the given JavaScript code with possible arguments.</doc>
<status status="PASS" start="2025-10-06T17:58:09.158875" elapsed="0.010269"/>
</kw>
<arg>10x</arg>
<arg>1s</arg>
<arg>Execute JavaScript</arg>
<arg>return window.performance.getEntriesByType('resource').filter(e =&gt; e.initiatorType === 'xmlhttprequest' || e.initiatorType === 'fetch').every(e =&gt; e.responseEnd &gt; 0);</arg>
<doc>Runs the specified keyword and retries if it fails.</doc>
<status status="PASS" start="2025-10-06T17:58:09.158450" elapsed="0.010877"/>
</kw>
<doc>Waits until there are no active network requests (XHR/fetch)</doc>
<status status="PASS" start="2025-10-06T17:58:09.157672" elapsed="0.011800"/>
</kw>
<kw name="Wait Until DOM Is Stable" owner="resource">
<kw name="Execute Javascript" owner="SeleniumLibrary">
<msg time="2025-10-06T17:58:09.170998" level="INFO">Executing JavaScript:
return document.getElementsByTagName('*').length;
Without any arguments.</msg>
<msg time="2025-10-06T17:58:09.180047" level="INFO">${initial} = 66</msg>
<var>${initial}</var>
<arg>return document.getElementsByTagName('*').length;</arg>
<doc>Executes the given JavaScript code with possible arguments.</doc>
<status status="PASS" start="2025-10-06T17:58:09.170321" elapsed="0.009808"/>
</kw>
<kw name="Sleep" owner="BuiltIn">
<msg time="2025-10-06T17:58:09.681210" level="INFO">Slept 500 milliseconds.</msg>
<arg>0.5s</arg>
<doc>Pauses the test executed for the given time.</doc>
<status status="PASS" start="2025-10-06T17:58:09.180414" elapsed="0.500890"/>
</kw>
<kw name="Execute Javascript" owner="SeleniumLibrary">
<msg time="2025-10-06T17:58:09.681752" level="INFO">Executing JavaScript:
return document.getElementsByTagName('*').length;
Without any arguments.</msg>
<msg time="2025-10-06T17:58:11.567362" level="INFO">${after} = 33</msg>
<var>${after}</var>
<arg>return document.getElementsByTagName('*').length;</arg>
<doc>Executes the given JavaScript code with possible arguments.</doc>
<status status="PASS" start="2025-10-06T17:58:09.681450" elapsed="1.886014"/>
</kw>
<while condition="${initial} != ${after}">
<iter>
<kw name="Set Variable" owner="BuiltIn">
<msg time="2025-10-06T17:58:11.568862" level="INFO">${initial} = 33</msg>
<var>${initial}</var>
<arg>${after}</arg>
<doc>Returns the given values which can then be assigned to a variables.</doc>
<status status="PASS" start="2025-10-06T17:58:11.568440" elapsed="0.000491"/>
</kw>
<kw name="Sleep" owner="BuiltIn">
<msg time="2025-10-06T17:58:12.070117" level="INFO">Slept 500 milliseconds.</msg>
<arg>0.5s</arg>
<doc>Pauses the test executed for the given time.</doc>
<status status="PASS" start="2025-10-06T17:58:11.569201" elapsed="0.501141"/>
</kw>
<kw name="Execute Javascript" owner="SeleniumLibrary">
<msg time="2025-10-06T17:58:12.071450" level="INFO">Executing JavaScript:
return document.getElementsByTagName('*').length;
Without any arguments.</msg>
<msg time="2025-10-06T17:58:12.083809" level="INFO">${after} = 33</msg>
<var>${after}</var>
<arg>return document.getElementsByTagName('*').length;</arg>
<doc>Executes the given JavaScript code with possible arguments.</doc>
<status status="PASS" start="2025-10-06T17:58:12.070711" elapsed="0.013190"/>
</kw>
<status status="PASS" start="2025-10-06T17:58:11.567651" elapsed="0.516402"/>
</iter>
<status status="PASS" start="2025-10-06T17:58:11.567648" elapsed="0.516871"/>
</while>
<status status="PASS" start="2025-10-06T17:58:09.169836" elapsed="2.914920"/>
</kw>
<status status="PASS" start="2025-10-06T17:58:09.083508" elapsed="3.001430"/>
</kw>
<status status="PASS" start="2025-10-06T17:58:03.140186" elapsed="8.944867"/>
</kw>
<kw name="navigate to gwm page" owner="GWM_FloatPool">
<kw name="Wait Until Page Ready" owner="resource">
<kw name="Wait Until Page Contains Element" owner="SeleniumLibrary">
<arg>xpath=//body</arg>
<arg>${TIMEOUT}</arg>
<doc>Waits until the element ``locator`` appears on the current page.</doc>
<status status="PASS" start="2025-10-06T17:58:12.087099" elapsed="0.017321"/>
</kw>
<kw name="Wait Until Any Loaders Disappear" owner="resource">
<kw name="Run Keyword And Ignore Error" owner="BuiltIn">
<kw name="Wait Until Element Is Not Visible" owner="SeleniumLibrary">
<arg>xpath=//div[contains(@class, 'page-loader')]</arg>
<arg>${TIMEOUT}</arg>
<doc>Waits until the element ``locator`` is not visible.</doc>
<status status="PASS" start="2025-10-06T17:58:12.105860" elapsed="0.013972"/>
</kw>
<arg>Wait Until Element Is Not Visible</arg>
<arg>xpath=//div[contains(@class, 'page-loader')]</arg>
<arg>${TIMEOUT}</arg>
<doc>Runs the given keyword with the given arguments and ignores possible error.</doc>
<status status="PASS" start="2025-10-06T17:58:12.105478" elapsed="0.014543"/>
</kw>
<kw name="Run Keyword And Ignore Error" owner="BuiltIn">
<kw name="Wait Until Element Is Not Visible" owner="SeleniumLibrary">
<arg>xpath=//div[contains(@class, 'loading-overlay')]</arg>
<arg>${TIMEOUT}</arg>
<doc>Waits until the element ``locator`` is not visible.</doc>
<status status="PASS" start="2025-10-06T17:58:12.120667" elapsed="0.010911"/>
</kw>
<arg>Wait Until Element Is Not Visible</arg>
<arg>xpath=//div[contains(@class, 'loading-overlay')]</arg>
<arg>${TIMEOUT}</arg>
<doc>Runs the given keyword with the given arguments and ignores possible error.</doc>
<status status="PASS" start="2025-10-06T17:58:12.120332" elapsed="0.011432"/>
</kw>
<kw name="Run Keyword And Ignore Error" owner="BuiltIn">
<kw name="Wait Until Element Is Not Visible" owner="SeleniumLibrary">
<arg>xpath=//div[contains(@class, 'vm-loading-wrapper')]</arg>
<arg>${TIMEOUT}</arg>
<doc>Waits until the element ``locator`` is not visible.</doc>
<status status="PASS" start="2025-10-06T17:58:12.132414" elapsed="1.430474"/>
</kw>
<arg>Wait Until Element Is Not Visible</arg>
<arg>xpath=//div[contains(@class, 'vm-loading-wrapper')]</arg>
<arg>${TIMEOUT}</arg>
<doc>Runs the given keyword with the given arguments and ignores possible error.</doc>
<status status="PASS" start="2025-10-06T17:58:12.132076" elapsed="1.431021"/>
</kw>
<kw name="Run Keyword And Ignore Error" owner="BuiltIn">
<kw name="Wait Until Element Is Not Visible" owner="SeleniumLibrary">
<arg>xpath=//div[contains(@class, 'modal-backdrop')]</arg>
<arg>${TIMEOUT}</arg>
<doc>Waits until the element ``locator`` is not visible.</doc>
<status status="PASS" start="2025-10-06T17:58:13.563757" elapsed="0.013455"/>
</kw>
<arg>Wait Until Element Is Not Visible</arg>
<arg>xpath=//div[contains(@class, 'modal-backdrop')]</arg>
<arg>${TIMEOUT}</arg>
<doc>Runs the given keyword with the given arguments and ignores possible error.</doc>
<status status="PASS" start="2025-10-06T17:58:13.563419" elapsed="0.013982"/>
</kw>
<status status="PASS" start="2025-10-06T17:58:12.104893" elapsed="1.472657"/>
</kw>
<kw name="Wait Until Network Is Idle" owner="resource">
<kw name="Wait Until Keyword Succeeds" owner="BuiltIn">
<kw name="Execute Javascript" owner="SeleniumLibrary">
<msg time="2025-10-06T17:58:13.579455" level="INFO">Executing JavaScript:
return window.performance.getEntriesByType('resource').filter(e =&gt; e.initiatorType === 'xmlhttprequest' || e.initiatorType === 'fetch').every(e =&gt; e.responseEnd &gt; 0);
Without any arguments.</msg>
<arg>return window.performance.getEntriesByType('resource').filter(e =&gt; e.initiatorType === 'xmlhttprequest' || e.initiatorType === 'fetch').every(e =&gt; e.responseEnd &gt; 0);</arg>
<doc>Executes the given JavaScript code with possible arguments.</doc>
<status status="PASS" start="2025-10-06T17:58:13.578770" elapsed="0.010499"/>
</kw>
<arg>10x</arg>
<arg>1s</arg>
<arg>Execute JavaScript</arg>
<arg>return window.performance.getEntriesByType('resource').filter(e =&gt; e.initiatorType === 'xmlhttprequest' || e.initiatorType === 'fetch').every(e =&gt; e.responseEnd &gt; 0);</arg>
<doc>Runs the specified keyword and retries if it fails.</doc>
<status status="PASS" start="2025-10-06T17:58:13.578352" elapsed="0.011106"/>
</kw>
<doc>Waits until there are no active network requests (XHR/fetch)</doc>
<status status="PASS" start="2025-10-06T17:58:13.577847" elapsed="0.011769"/>
</kw>
<kw name="Wait Until DOM Is Stable" owner="resource">
<kw name="Execute Javascript" owner="SeleniumLibrary">
<msg time="2025-10-06T17:58:13.591221" level="INFO">Executing JavaScript:
return document.getElementsByTagName('*').length;
Without any arguments.</msg>
<msg time="2025-10-06T17:58:13.599444" level="INFO">${initial} = 176</msg>
<var>${initial}</var>
<arg>return document.getElementsByTagName('*').length;</arg>
<doc>Executes the given JavaScript code with possible arguments.</doc>
<status status="PASS" start="2025-10-06T17:58:13.590557" elapsed="0.008920"/>
</kw>
<kw name="Sleep" owner="BuiltIn">
<msg time="2025-10-06T17:58:14.100345" level="INFO">Slept 500 milliseconds.</msg>
<arg>0.5s</arg>
<doc>Pauses the test executed for the given time.</doc>
<status status="PASS" start="2025-10-06T17:58:13.599693" elapsed="0.500900"/>
</kw>
<kw name="Execute Javascript" owner="SeleniumLibrary">
<msg time="2025-10-06T17:58:14.102249" level="INFO">Executing JavaScript:
return document.getElementsByTagName('*').length;
Without any arguments.</msg>
<msg time="2025-10-06T17:58:14.113481" level="INFO">${after} = 176</msg>
<var>${after}</var>
<arg>return document.getElementsByTagName('*').length;</arg>
<doc>Executes the given JavaScript code with possible arguments.</doc>
<status status="PASS" start="2025-10-06T17:58:14.101084" elapsed="0.012449"/>
</kw>
<while condition="${initial} != ${after}">
<iter>
<kw name="Set Variable" owner="BuiltIn">
<var>${initial}</var>
<arg>${after}</arg>
<doc>Returns the given values which can then be assigned to a variables.</doc>
<status status="NOT RUN" start="2025-10-06T17:58:14.114106" elapsed="0.000085"/>
</kw>
<kw name="Sleep" owner="BuiltIn">
<arg>0.5s</arg>
<doc>Pauses the test executed for the given time.</doc>
<status status="NOT RUN" start="2025-10-06T17:58:14.114487" elapsed="0.000100"/>
</kw>
<kw name="Execute Javascript" owner="SeleniumLibrary">
<var>${after}</var>
<arg>return document.getElementsByTagName('*').length;</arg>
<doc>Executes the given JavaScript code with possible arguments.</doc>
<status status="NOT RUN" start="2025-10-06T17:58:14.115033" elapsed="0.000068"/>
</kw>
<status status="NOT RUN" start="2025-10-06T17:58:14.113627" elapsed="0.001538"/>
</iter>
<status status="NOT RUN" start="2025-10-06T17:58:14.113626" elapsed="0.001616"/>
</while>
<status status="PASS" start="2025-10-06T17:58:13.590007" elapsed="0.525310"/>
</kw>
<status status="PASS" start="2025-10-06T17:58:12.086647" elapsed="2.028708"/>
</kw>
<kw name="Wait Until Element Is Visible" owner="SeleniumLibrary">
<arg>//button[contains(@class,'ats-bottom')]</arg>
<arg>${TIMEOUT}</arg>
<doc>Waits until the element ``locator`` is visible.</doc>
<status status="PASS" start="2025-10-06T17:58:14.115431" elapsed="0.020520"/>
</kw>
<kw name="Scroll Element Into View" owner="SeleniumLibrary">
<arg>//button[contains(@class,'ats-bottom')]</arg>
<doc>Scrolls the element identified by ``locator`` into view.</doc>
<status status="PASS" start="2025-10-06T17:58:14.136116" elapsed="0.265735"/>
</kw>
<kw name="Mouse Over" owner="SeleniumLibrary">
<msg time="2025-10-06T17:58:14.402659" level="INFO">Simulating Mouse Over on element '//div[@class='ats-bottom-dropdown']'.</msg>
<arg>//div[@class='ats-bottom-dropdown']</arg>
<doc>Simulates hovering the mouse over the element ``locator``.</doc>
<status status="PASS" start="2025-10-06T17:58:14.402240" elapsed="0.302707"/>
</kw>
<kw name="Wait Until Page Ready" owner="resource">
<kw name="Wait Until Page Contains Element" owner="SeleniumLibrary">
<arg>xpath=//body</arg>
<arg>${TIMEOUT}</arg>
<doc>Waits until the element ``locator`` appears on the current page.</doc>
<status status="PASS" start="2025-10-06T17:58:14.705776" elapsed="0.011663"/>
</kw>
<kw name="Wait Until Any Loaders Disappear" owner="resource">
<kw name="Run Keyword And Ignore Error" owner="BuiltIn">
<kw name="Wait Until Element Is Not Visible" owner="SeleniumLibrary">
<arg>xpath=//div[contains(@class, 'page-loader')]</arg>
<arg>${TIMEOUT}</arg>
<doc>Waits until the element ``locator`` is not visible.</doc>
<status status="PASS" start="2025-10-06T17:58:14.718056" elapsed="0.012875"/>
</kw>
<arg>Wait Until Element Is Not Visible</arg>
<arg>xpath=//div[contains(@class, 'page-loader')]</arg>
<arg>${TIMEOUT}</arg>
<doc>Runs the given keyword with the given arguments and ignores possible error.</doc>
<status status="PASS" start="2025-10-06T17:58:14.717921" elapsed="0.013124"/>
</kw>
<kw name="Run Keyword And Ignore Error" owner="BuiltIn">
<kw name="Wait Until Element Is Not Visible" owner="SeleniumLibrary">
<arg>xpath=//div[contains(@class, 'loading-overlay')]</arg>
<arg>${TIMEOUT}</arg>
<doc>Waits until the element ``locator`` is not visible.</doc>
<status status="PASS" start="2025-10-06T17:58:14.731407" elapsed="0.010899"/>
</kw>
<arg>Wait Until Element Is Not Visible</arg>
<arg>xpath=//div[contains(@class, 'loading-overlay')]</arg>
<arg>${TIMEOUT}</arg>
<doc>Runs the given keyword with the given arguments and ignores possible error.</doc>
<status status="PASS" start="2025-10-06T17:58:14.731223" elapsed="0.011164"/>
</kw>
<kw name="Run Keyword And Ignore Error" owner="BuiltIn">
<kw name="Wait Until Element Is Not Visible" owner="SeleniumLibrary">
<arg>xpath=//div[contains(@class, 'vm-loading-wrapper')]</arg>
<arg>${TIMEOUT}</arg>
<doc>Waits until the element ``locator`` is not visible.</doc>
<status status="PASS" start="2025-10-06T17:58:14.742690" elapsed="0.009417"/>
</kw>
<arg>Wait Until Element Is Not Visible</arg>
<arg>xpath=//div[contains(@class, 'vm-loading-wrapper')]</arg>
<arg>${TIMEOUT}</arg>
<doc>Runs the given keyword with the given arguments and ignores possible error.</doc>
<status status="PASS" start="2025-10-06T17:58:14.742550" elapsed="0.009655"/>
</kw>
<kw name="Run Keyword And Ignore Error" owner="BuiltIn">
<kw name="Wait Until Element Is Not Visible" owner="SeleniumLibrary">
<arg>xpath=//div[contains(@class, 'modal-backdrop')]</arg>
<arg>${TIMEOUT}</arg>
<doc>Waits until the element ``locator`` is not visible.</doc>
<status status="PASS" start="2025-10-06T17:58:14.752580" elapsed="0.008270"/>
</kw>
<arg>Wait Until Element Is Not Visible</arg>
<arg>xpath=//div[contains(@class, 'modal-backdrop')]</arg>
<arg>${TIMEOUT}</arg>
<doc>Runs the given keyword with the given arguments and ignores possible error.</doc>
<status status="PASS" start="2025-10-06T17:58:14.752375" elapsed="0.008663"/>
</kw>
<status status="PASS" start="2025-10-06T17:58:14.717659" elapsed="0.043453"/>
</kw>
<kw name="Wait Until Network Is Idle" owner="resource">
<kw name="Wait Until Keyword Succeeds" owner="BuiltIn">
<kw name="Execute Javascript" owner="SeleniumLibrary">
<msg time="2025-10-06T17:58:14.762064" level="INFO">Executing JavaScript:
return window.performance.getEntriesByType('resource').filter(e =&gt; e.initiatorType === 'xmlhttprequest' || e.initiatorType === 'fetch').every(e =&gt; e.responseEnd &gt; 0);
Without any arguments.</msg>
<arg>return window.performance.getEntriesByType('resource').filter(e =&gt; e.initiatorType === 'xmlhttprequest' || e.initiatorType === 'fetch').every(e =&gt; e.responseEnd &gt; 0);</arg>
<doc>Executes the given JavaScript code with possible arguments.</doc>
<status status="PASS" start="2025-10-06T17:58:14.761731" elapsed="0.005616"/>
</kw>
<arg>10x</arg>
<arg>1s</arg>
<arg>Execute JavaScript</arg>
<arg>return window.performance.getEntriesByType('resource').filter(e =&gt; e.initiatorType === 'xmlhttprequest' || e.initiatorType === 'fetch').every(e =&gt; e.responseEnd &gt; 0);</arg>
<doc>Runs the specified keyword and retries if it fails.</doc>
<status status="PASS" start="2025-10-06T17:58:14.761505" elapsed="0.005924"/>
</kw>
<doc>Waits until there are no active network requests (XHR/fetch)</doc>
<status status="PASS" start="2025-10-06T17:58:14.761256" elapsed="0.006238"/>
</kw>
<kw name="Wait Until DOM Is Stable" owner="resource">
<kw name="Execute Javascript" owner="SeleniumLibrary">
<msg time="2025-10-06T17:58:14.768293" level="INFO">Executing JavaScript:
return document.getElementsByTagName('*').length;
Without any arguments.</msg>
<msg time="2025-10-06T17:58:14.771984" level="INFO">${initial} = 181</msg>
<var>${initial}</var>
<arg>return document.getElementsByTagName('*').length;</arg>
<doc>Executes the given JavaScript code with possible arguments.</doc>
<status status="PASS" start="2025-10-06T17:58:14.767954" elapsed="0.004067"/>
</kw>
<kw name="Sleep" owner="BuiltIn">
<msg time="2025-10-06T17:58:15.272595" level="INFO">Slept 500 milliseconds.</msg>
<arg>0.5s</arg>
<doc>Pauses the test executed for the given time.</doc>
<status status="PASS" start="2025-10-06T17:58:14.772170" elapsed="0.500535"/>
</kw>
<kw name="Execute Javascript" owner="SeleniumLibrary">
<msg time="2025-10-06T17:58:15.273218" level="INFO">Executing JavaScript:
return document.getElementsByTagName('*').length;
Without any arguments.</msg>
<msg time="2025-10-06T17:58:15.278913" level="INFO">${after} = 472</msg>
<var>${after}</var>
<arg>return document.getElementsByTagName('*').length;</arg>
<doc>Executes the given JavaScript code with possible arguments.</doc>
<status status="PASS" start="2025-10-06T17:58:15.272880" elapsed="0.006110"/>
</kw>
<while condition="${initial} != ${after}">
<iter>
<kw name="Set Variable" owner="BuiltIn">
<msg time="2025-10-06T17:58:15.280040" level="INFO">${initial} = 472</msg>
<var>${initial}</var>
<arg>${after}</arg>
<doc>Returns the given values which can then be assigned to a variables.</doc>
<status status="PASS" start="2025-10-06T17:58:15.279739" elapsed="0.000380"/>
</kw>
<kw name="Sleep" owner="BuiltIn">
<msg time="2025-10-06T17:58:15.780711" level="INFO">Slept 500 milliseconds.</msg>
<arg>0.5s</arg>
<doc>Pauses the test executed for the given time.</doc>
<status status="PASS" start="2025-10-06T17:58:15.280339" elapsed="0.500510"/>
</kw>
<kw name="Execute Javascript" owner="SeleniumLibrary">
<msg time="2025-10-06T17:58:15.781387" level="INFO">Executing JavaScript:
return document.getElementsByTagName('*').length;
Without any arguments.</msg>
<msg time="2025-10-06T17:58:15.784787" level="INFO">${after} = 472</msg>
<var>${after}</var>
<arg>return document.getElementsByTagName('*').length;</arg>
<doc>Executes the given JavaScript code with possible arguments.</doc>
<status status="PASS" start="2025-10-06T17:58:15.781010" elapsed="0.003819"/>
</kw>
<status status="PASS" start="2025-10-06T17:58:15.279141" elapsed="0.505747"/>
</iter>
<status status="PASS" start="2025-10-06T17:58:15.279138" elapsed="0.505930"/>
</while>
<status status="PASS" start="2025-10-06T17:58:14.767656" elapsed="1.017479"/>
</kw>
<status status="PASS" start="2025-10-06T17:58:14.705261" elapsed="1.079919"/>
</kw>
<kw name="Click Element" owner="SeleniumLibrary">
<msg time="2025-10-06T17:58:15.785536" level="INFO">Clicking element '//div[@class='ats-bottom-dropdown']'.</msg>
<arg>//div[@class='ats-bottom-dropdown']</arg>
<doc>Click the element identified by ``locator``.</doc>
<status status="PASS" start="2025-10-06T17:58:15.785297" elapsed="0.064903"/>
</kw>
<kw name="Mouse Over" owner="SeleniumLibrary">
<msg time="2025-10-06T17:58:15.850631" level="INFO">Simulating Mouse Over on element '//span[text()='GWM']'.</msg>
<arg>//span[text()='GWM']</arg>
<doc>Simulates hovering the mouse over the element ``locator``.</doc>
<status status="PASS" start="2025-10-06T17:58:15.850410" elapsed="0.309367"/>
</kw>
<kw name="Sleep" owner="BuiltIn">
<msg time="2025-10-06T17:58:21.160750" level="INFO">Slept 5 seconds.</msg>
<arg>${WAIT_TIME}</arg>
<doc>Pauses the test executed for the given time.</doc>
<status status="PASS" start="2025-10-06T17:58:16.159939" elapsed="5.001060"/>
</kw>
<kw name="Wait Until Page Ready" owner="resource">
<kw name="Wait Until Page Contains Element" owner="SeleniumLibrary">
<arg>xpath=//body</arg>
<arg>${TIMEOUT}</arg>
<doc>Waits until the element ``locator`` appears on the current page.</doc>
<status status="PASS" start="2025-10-06T17:58:21.162148" elapsed="0.015862"/>
</kw>
<kw name="Wait Until Any Loaders Disappear" owner="resource">
<kw name="Run Keyword And Ignore Error" owner="BuiltIn">
<kw name="Wait Until Element Is Not Visible" owner="SeleniumLibrary">
<arg>xpath=//div[contains(@class, 'page-loader')]</arg>
<arg>${TIMEOUT}</arg>
<doc>Waits until the element ``locator`` is not visible.</doc>
<status status="PASS" start="2025-10-06T17:58:21.179459" elapsed="0.014723"/>
</kw>
<arg>Wait Until Element Is Not Visible</arg>
<arg>xpath=//div[contains(@class, 'page-loader')]</arg>
<arg>${TIMEOUT}</arg>
<doc>Runs the given keyword with the given arguments and ignores possible error.</doc>
<status status="PASS" start="2025-10-06T17:58:21.179100" elapsed="0.015271"/>
</kw>
<kw name="Run Keyword And Ignore Error" owner="BuiltIn">
<kw name="Wait Until Element Is Not Visible" owner="SeleniumLibrary">
<arg>xpath=//div[contains(@class, 'loading-overlay')]</arg>
<arg>${TIMEOUT}</arg>
<doc>Waits until the element ``locator`` is not visible.</doc>
<status status="PASS" start="2025-10-06T17:58:21.195037" elapsed="0.014933"/>
</kw>
<arg>Wait Until Element Is Not Visible</arg>
<arg>xpath=//div[contains(@class, 'loading-overlay')]</arg>
<arg>${TIMEOUT}</arg>
<doc>Runs the given keyword with the given arguments and ignores possible error.</doc>
<status status="PASS" start="2025-10-06T17:58:21.194695" elapsed="0.015473"/>
</kw>
<kw name="Run Keyword And Ignore Error" owner="BuiltIn">
<kw name="Wait Until Element Is Not Visible" owner="SeleniumLibrary">
<arg>xpath=//div[contains(@class, 'vm-loading-wrapper')]</arg>
<arg>${TIMEOUT}</arg>
<doc>Waits until the element ``locator`` is not visible.</doc>
<status status="PASS" start="2025-10-06T17:58:21.210855" elapsed="0.013884"/>
</kw>
<arg>Wait Until Element Is Not Visible</arg>
<arg>xpath=//div[contains(@class, 'vm-loading-wrapper')]</arg>
<arg>${TIMEOUT}</arg>
<doc>Runs the given keyword with the given arguments and ignores possible error.</doc>
<status status="PASS" start="2025-10-06T17:58:21.210490" elapsed="0.014448"/>
</kw>
<kw name="Run Keyword And Ignore Error" owner="BuiltIn">
<kw name="Wait Until Element Is Not Visible" owner="SeleniumLibrary">
<arg>xpath=//div[contains(@class, 'modal-backdrop')]</arg>
<arg>${TIMEOUT}</arg>
<doc>Waits until the element ``locator`` is not visible.</doc>
<status status="PASS" start="2025-10-06T17:58:21.225573" elapsed="0.012577"/>
</kw>
<arg>Wait Until Element Is Not Visible</arg>
<arg>xpath=//div[contains(@class, 'modal-backdrop')]</arg>
<arg>${TIMEOUT}</arg>
<doc>Runs the given keyword with the given arguments and ignores possible error.</doc>
<status status="PASS" start="2025-10-06T17:58:21.225223" elapsed="0.013129"/>
</kw>
<status status="PASS" start="2025-10-06T17:58:21.178488" elapsed="0.060011"/>
</kw>
<kw name="Wait Until Network Is Idle" owner="resource">
<kw name="Wait Until Keyword Succeeds" owner="BuiltIn">
<kw name="Execute Javascript" owner="SeleniumLibrary">
<msg time="2025-10-06T17:58:21.240402" level="INFO">Executing JavaScript:
return window.performance.getEntriesByType('resource').filter(e =&gt; e.initiatorType === 'xmlhttprequest' || e.initiatorType === 'fetch').every(e =&gt; e.responseEnd &gt; 0);
Without any arguments.</msg>
<arg>return window.performance.getEntriesByType('resource').filter(e =&gt; e.initiatorType === 'xmlhttprequest' || e.initiatorType === 'fetch').every(e =&gt; e.responseEnd &gt; 0);</arg>
<doc>Executes the given JavaScript code with possible arguments.</doc>
<status status="PASS" start="2025-10-06T17:58:21.239717" elapsed="0.012487"/>
</kw>
<arg>10x</arg>
<arg>1s</arg>
<arg>Execute JavaScript</arg>
<arg>return window.performance.getEntriesByType('resource').filter(e =&gt; e.initiatorType === 'xmlhttprequest' || e.initiatorType === 'fetch').every(e =&gt; e.responseEnd &gt; 0);</arg>
<doc>Runs the specified keyword and retries if it fails.</doc>
<status status="PASS" start="2025-10-06T17:58:21.239296" elapsed="0.013100"/>
</kw>
<doc>Waits until there are no active network requests (XHR/fetch)</doc>
<status status="PASS" start="2025-10-06T17:58:21.238798" elapsed="0.013764"/>
</kw>
<kw name="Wait Until DOM Is Stable" owner="resource">
<kw name="Execute Javascript" owner="SeleniumLibrary">
<msg time="2025-10-06T17:58:21.254250" level="INFO">Executing JavaScript:
return document.getElementsByTagName('*').length;
Without any arguments.</msg>
<msg time="2025-10-06T17:58:21.264143" level="INFO">${initial} = 473</msg>
<var>${initial}</var>
<arg>return document.getElementsByTagName('*').length;</arg>
<doc>Executes the given JavaScript code with possible arguments.</doc>
<status status="PASS" start="2025-10-06T17:58:21.253523" elapsed="0.010721"/>
</kw>
<kw name="Sleep" owner="BuiltIn">
<msg time="2025-10-06T17:58:21.765597" level="INFO">Slept 500 milliseconds.</msg>
<arg>0.5s</arg>
<doc>Pauses the test executed for the given time.</doc>
<status status="PASS" start="2025-10-06T17:58:21.264553" elapsed="0.501266"/>
</kw>
<kw name="Execute Javascript" owner="SeleniumLibrary">
<msg time="2025-10-06T17:58:21.767027" level="INFO">Executing JavaScript:
return document.getElementsByTagName('*').length;
Without any arguments.</msg>
<msg time="2025-10-06T17:58:21.780155" level="INFO">${after} = 473</msg>
<var>${after}</var>
<arg>return document.getElementsByTagName('*').length;</arg>
<doc>Executes the given JavaScript code with possible arguments.</doc>
<status status="PASS" start="2025-10-06T17:58:21.766239" elapsed="0.014006"/>
</kw>
<while condition="${initial} != ${after}">
<iter>
<kw name="Set Variable" owner="BuiltIn">
<var>${initial}</var>
<arg>${after}</arg>
<doc>Returns the given values which can then be assigned to a variables.</doc>
<status status="NOT RUN" start="2025-10-06T17:58:21.781041" elapsed="0.000069"/>
</kw>
<kw name="Sleep" owner="BuiltIn">
<arg>0.5s</arg>
<doc>Pauses the test executed for the given time.</doc>
<status status="NOT RUN" start="2025-10-06T17:58:21.781335" elapsed="0.000056"/>
</kw>
<kw name="Execute Javascript" owner="SeleniumLibrary">
<var>${after}</var>
<arg>return document.getElementsByTagName('*').length;</arg>
<doc>Executes the given JavaScript code with possible arguments.</doc>
<status status="NOT RUN" start="2025-10-06T17:58:21.781626" elapsed="0.000058"/>
</kw>
<status status="NOT RUN" start="2025-10-06T17:58:21.780418" elapsed="0.001356"/>
</iter>
<status status="NOT RUN" start="2025-10-06T17:58:21.780415" elapsed="0.001431"/>
</while>
<status status="PASS" start="2025-10-06T17:58:21.252963" elapsed="0.529048"/>
</kw>
<status status="PASS" start="2025-10-06T17:58:21.161555" elapsed="0.620579"/>
</kw>
<kw name="Click Element" owner="SeleniumLibrary">
<msg time="2025-10-06T17:58:21.782702" level="INFO">Clicking element '//span[text()='GWM']'.</msg>
<arg>//span[text()='GWM']</arg>
<doc>Click the element identified by ``locator``.</doc>
<status status="PASS" start="2025-10-06T17:58:21.782345" elapsed="0.103001"/>
</kw>
<status status="PASS" start="2025-10-06T17:58:12.086072" elapsed="9.799372"/>
</kw>
<kw name="navigate to Schedules Page from welcome page" owner="GWM_FloatPool">
<kw name="Wait Until Page Ready" owner="resource">
<kw name="Wait Until Page Contains Element" owner="SeleniumLibrary">
<arg>xpath=//body</arg>
<arg>${TIMEOUT}</arg>
<doc>Waits until the element ``locator`` appears on the current page.</doc>
<status status="PASS" start="2025-10-06T17:58:21.886451" elapsed="0.009695"/>
</kw>
<kw name="Wait Until Any Loaders Disappear" owner="resource">
<kw name="Run Keyword And Ignore Error" owner="BuiltIn">
<kw name="Wait Until Element Is Not Visible" owner="SeleniumLibrary">
<arg>xpath=//div[contains(@class, 'page-loader')]</arg>
<arg>${TIMEOUT}</arg>
<doc>Waits until the element ``locator`` is not visible.</doc>
<status status="PASS" start="2025-10-06T17:58:21.896775" elapsed="0.006955"/>
</kw>
<arg>Wait Until Element Is Not Visible</arg>
<arg>xpath=//div[contains(@class, 'page-loader')]</arg>
<arg>${TIMEOUT}</arg>
<doc>Runs the given keyword with the given arguments and ignores possible error.</doc>
<status status="PASS" start="2025-10-06T17:58:21.896641" elapsed="0.007168"/>
</kw>
<kw name="Run Keyword And Ignore Error" owner="BuiltIn">
<kw name="Wait Until Element Is Not Visible" owner="SeleniumLibrary">
<arg>xpath=//div[contains(@class, 'loading-overlay')]</arg>
<arg>${TIMEOUT}</arg>
<doc>Waits until the element ``locator`` is not visible.</doc>
<status status="PASS" start="2025-10-06T17:58:21.904067" elapsed="0.006046"/>
</kw>
<arg>Wait Until Element Is Not Visible</arg>
<arg>xpath=//div[contains(@class, 'loading-overlay')]</arg>
<arg>${TIMEOUT}</arg>
<doc>Runs the given keyword with the given arguments and ignores possible error.</doc>
<status status="PASS" start="2025-10-06T17:58:21.903934" elapsed="0.006280"/>
</kw>
<kw name="Run Keyword And Ignore Error" owner="BuiltIn">
<kw name="Wait Until Element Is Not Visible" owner="SeleniumLibrary">
<arg>xpath=//div[contains(@class, 'vm-loading-wrapper')]</arg>
<arg>${TIMEOUT}</arg>
<doc>Waits until the element ``locator`` is not visible.</doc>
<status status="PASS" start="2025-10-06T17:58:21.910508" elapsed="0.006630"/>
</kw>
<arg>Wait Until Element Is Not Visible</arg>
<arg>xpath=//div[contains(@class, 'vm-loading-wrapper')]</arg>
<arg>${TIMEOUT}</arg>
<doc>Runs the given keyword with the given arguments and ignores possible error.</doc>
<status status="PASS" start="2025-10-06T17:58:21.910354" elapsed="0.006862"/>
</kw>
<kw name="Run Keyword And Ignore Error" owner="BuiltIn">
<kw name="Wait Until Element Is Not Visible" owner="SeleniumLibrary">
<arg>xpath=//div[contains(@class, 'modal-backdrop')]</arg>
<arg>${TIMEOUT}</arg>
<doc>Waits until the element ``locator`` is not visible.</doc>
<status status="PASS" start="2025-10-06T17:58:21.917456" elapsed="0.007118"/>
</kw>
<arg>Wait Until Element Is Not Visible</arg>
<arg>xpath=//div[contains(@class, 'modal-backdrop')]</arg>
<arg>${TIMEOUT}</arg>
<doc>Runs the given keyword with the given arguments and ignores possible error.</doc>
<status status="PASS" start="2025-10-06T17:58:21.917331" elapsed="0.007376"/>
</kw>
<status status="PASS" start="2025-10-06T17:58:21.896374" elapsed="0.028433"/>
</kw>
<kw name="Wait Until Network Is Idle" owner="resource">
<kw name="Wait Until Keyword Succeeds" owner="BuiltIn">
<kw name="Execute Javascript" owner="SeleniumLibrary">
<msg time="2025-10-06T17:58:21.926522" level="INFO">Executing JavaScript:
return window.performance.getEntriesByType('resource').filter(e =&gt; e.initiatorType === 'xmlhttprequest' || e.initiatorType === 'fetch').every(e =&gt; e.responseEnd &gt; 0);
Without any arguments.</msg>
<arg>return window.performance.getEntriesByType('resource').filter(e =&gt; e.initiatorType === 'xmlhttprequest' || e.initiatorType === 'fetch').every(e =&gt; e.responseEnd &gt; 0);</arg>
<doc>Executes the given JavaScript code with possible arguments.</doc>
<status status="PASS" start="2025-10-06T17:58:21.925992" elapsed="0.004779"/>
</kw>
<arg>10x</arg>
<arg>1s</arg>
<arg>Execute JavaScript</arg>
<arg>return window.performance.getEntriesByType('resource').filter(e =&gt; e.initiatorType === 'xmlhttprequest' || e.initiatorType === 'fetch').every(e =&gt; e.responseEnd &gt; 0);</arg>
<doc>Runs the specified keyword and retries if it fails.</doc>
<status status="PASS" start="2025-10-06T17:58:21.925749" elapsed="0.005102"/>
</kw>
<doc>Waits until there are no active network requests (XHR/fetch)</doc>
<status status="PASS" start="2025-10-06T17:58:21.925295" elapsed="0.005623"/>
</kw>
<kw name="Wait Until DOM Is Stable" owner="resource">
<kw name="Execute Javascript" owner="SeleniumLibrary">
<msg time="2025-10-06T17:58:21.931596" level="INFO">Executing JavaScript:
return document.getElementsByTagName('*').length;
Without any arguments.</msg>
<msg time="2025-10-06T17:58:21.936785" level="INFO">${initial} = 413</msg>
<var>${initial}</var>
<arg>return document.getElementsByTagName('*').length;</arg>
<doc>Executes the given JavaScript code with possible arguments.</doc>
<status status="PASS" start="2025-10-06T17:58:21.931314" elapsed="0.005535"/>
</kw>
<kw name="Sleep" owner="BuiltIn">
<msg time="2025-10-06T17:58:22.438266" level="INFO">Slept 500 milliseconds.</msg>
<arg>0.5s</arg>
<doc>Pauses the test executed for the given time.</doc>
<status status="PASS" start="2025-10-06T17:58:21.937080" elapsed="0.501420"/>
</kw>
<kw name="Execute Javascript" owner="SeleniumLibrary">
<msg time="2025-10-06T17:58:22.439688" level="INFO">Executing JavaScript:
return document.getElementsByTagName('*').length;
Without any arguments.</msg>
<msg time="2025-10-06T17:58:22.452759" level="INFO">${after} = 412</msg>
<var>${after}</var>
<arg>return document.getElementsByTagName('*').length;</arg>
<doc>Executes the given JavaScript code with possible arguments.</doc>
<status status="PASS" start="2025-10-06T17:58:22.438929" elapsed="0.013918"/>
</kw>
<while condition="${initial} != ${after}">
<iter>
<kw name="Set Variable" owner="BuiltIn">
<msg time="2025-10-06T17:58:22.454048" level="INFO">${initial} = 412</msg>
<var>${initial}</var>
<arg>${after}</arg>
<doc>Returns the given values which can then be assigned to a variables.</doc>
<status status="PASS" start="2025-10-06T17:58:22.453659" elapsed="0.000453"/>
</kw>
<kw name="Sleep" owner="BuiltIn">
<msg time="2025-10-06T17:58:22.955130" level="INFO">Slept 500 milliseconds.</msg>
<arg>0.5s</arg>
<doc>Pauses the test executed for the given time.</doc>
<status status="PASS" start="2025-10-06T17:58:22.454365" elapsed="0.500999"/>
</kw>
<kw name="Execute Javascript" owner="SeleniumLibrary">
<msg time="2025-10-06T17:58:22.956557" level="INFO">Executing JavaScript:
return document.getElementsByTagName('*').length;
Without any arguments.</msg>
<msg time="2025-10-06T17:58:22.969558" level="INFO">${after} = 412</msg>
<var>${after}</var>
<arg>return document.getElementsByTagName('*').length;</arg>
<doc>Executes the given JavaScript code with possible arguments.</doc>
<status status="PASS" start="2025-10-06T17:58:22.955762" elapsed="0.013882"/>
</kw>
<status status="PASS" start="2025-10-06T17:58:22.453019" elapsed="0.516757"/>
</iter>
<status status="PASS" start="2025-10-06T17:58:22.453016" elapsed="0.517143"/>
</while>
<status status="PASS" start="2025-10-06T17:58:21.931087" elapsed="1.039256"/>
</kw>
<status status="PASS" start="2025-10-06T17:58:21.886201" elapsed="1.084315"/>
</kw>
<kw name="Wait Until Element Is Visible" owner="SeleniumLibrary">
<arg>//span[contains(@class,'icon-calendar-month nav-icon me-2')]</arg>
<arg>${TIMEOUT}</arg>
<doc>Waits until the element ``locator`` is visible.</doc>
<status status="PASS" start="2025-10-06T17:58:22.970961" elapsed="0.037434"/>
</kw>
<kw name="Click Element" owner="SeleniumLibrary">
<msg time="2025-10-06T17:58:23.008850" level="INFO">Clicking element '//span[contains(@class,'icon-calendar-month nav-icon me-2')]'.</msg>
<arg>//span[contains(@class,'icon-calendar-month nav-icon me-2')]</arg>
<doc>Click the element identified by ``locator``.</doc>
<status status="PASS" start="2025-10-06T17:58:23.008630" elapsed="0.080784"/>
</kw>
<kw name="Wait Until Page Ready" owner="resource">
<kw name="Wait Until Page Contains Element" owner="SeleniumLibrary">
<arg>xpath=//body</arg>
<arg>${TIMEOUT}</arg>
<doc>Waits until the element ``locator`` appears on the current page.</doc>
<status status="PASS" start="2025-10-06T17:58:23.090050" elapsed="0.011478"/>
</kw>
<kw name="Wait Until Any Loaders Disappear" owner="resource">
<kw name="Run Keyword And Ignore Error" owner="BuiltIn">
<kw name="Wait Until Element Is Not Visible" owner="SeleniumLibrary">
<arg>xpath=//div[contains(@class, 'page-loader')]</arg>
<arg>${TIMEOUT}</arg>
<doc>Waits until the element ``locator`` is not visible.</doc>
<status status="PASS" start="2025-10-06T17:58:23.102564" elapsed="0.009616"/>
</kw>
<arg>Wait Until Element Is Not Visible</arg>
<arg>xpath=//div[contains(@class, 'page-loader')]</arg>
<arg>${TIMEOUT}</arg>
<doc>Runs the given keyword with the given arguments and ignores possible error.</doc>
<status status="PASS" start="2025-10-06T17:58:23.102328" elapsed="0.009949"/>
</kw>
<kw name="Run Keyword And Ignore Error" owner="BuiltIn">
<kw name="Wait Until Element Is Not Visible" owner="SeleniumLibrary">
<arg>xpath=//div[contains(@class, 'loading-overlay')]</arg>
<arg>${TIMEOUT}</arg>
<doc>Waits until the element ``locator`` is not visible.</doc>
<status status="PASS" start="2025-10-06T17:58:23.112516" elapsed="0.010052"/>
</kw>
<arg>Wait Until Element Is Not Visible</arg>
<arg>xpath=//div[contains(@class, 'loading-overlay')]</arg>
<arg>${TIMEOUT}</arg>
<doc>Runs the given keyword with the given arguments and ignores possible error.</doc>
<status status="PASS" start="2025-10-06T17:58:23.112396" elapsed="0.010289"/>
</kw>
<kw name="Run Keyword And Ignore Error" owner="BuiltIn">
<kw name="Wait Until Element Is Not Visible" owner="SeleniumLibrary">
<arg>xpath=//div[contains(@class, 'vm-loading-wrapper')]</arg>
<arg>${TIMEOUT}</arg>
<doc>Waits until the element ``locator`` is not visible.</doc>
<status status="PASS" start="2025-10-06T17:58:23.123094" elapsed="2.742688"/>
</kw>
<arg>Wait Until Element Is Not Visible</arg>
<arg>xpath=//div[contains(@class, 'vm-loading-wrapper')]</arg>
<arg>${TIMEOUT}</arg>
<doc>Runs the given keyword with the given arguments and ignores possible error.</doc>
<status status="PASS" start="2025-10-06T17:58:23.122885" elapsed="2.743087"/>
</kw>
<kw name="Run Keyword And Ignore Error" owner="BuiltIn">
<kw name="Wait Until Element Is Not Visible" owner="SeleniumLibrary">
<arg>xpath=//div[contains(@class, 'modal-backdrop')]</arg>
<arg>${TIMEOUT}</arg>
<doc>Waits until the element ``locator`` is not visible.</doc>
<status status="PASS" start="2025-10-06T17:58:25.866607" elapsed="0.014246"/>
</kw>
<arg>Wait Until Element Is Not Visible</arg>
<arg>xpath=//div[contains(@class, 'modal-backdrop')]</arg>
<arg>${TIMEOUT}</arg>
<doc>Runs the given keyword with the given arguments and ignores possible error.</doc>
<status status="PASS" start="2025-10-06T17:58:25.866271" elapsed="0.014773"/>
</kw>
<status status="PASS" start="2025-10-06T17:58:23.101861" elapsed="2.779328"/>
</kw>
<kw name="Wait Until Network Is Idle" owner="resource">
<kw name="Wait Until Keyword Succeeds" owner="BuiltIn">
<kw name="Execute Javascript" owner="SeleniumLibrary">
<msg time="2025-10-06T17:58:25.883328" level="INFO">Executing JavaScript:
return window.performance.getEntriesByType('resource').filter(e =&gt; e.initiatorType === 'xmlhttprequest' || e.initiatorType === 'fetch').every(e =&gt; e.responseEnd &gt; 0);
Without any arguments.</msg>
<arg>return window.performance.getEntriesByType('resource').filter(e =&gt; e.initiatorType === 'xmlhttprequest' || e.initiatorType === 'fetch').every(e =&gt; e.responseEnd &gt; 0);</arg>
<doc>Executes the given JavaScript code with possible arguments.</doc>
<status status="PASS" start="2025-10-06T17:58:25.882561" elapsed="0.010783"/>
</kw>
<arg>10x</arg>
<arg>1s</arg>
<arg>Execute JavaScript</arg>
<arg>return window.performance.getEntriesByType('resource').filter(e =&gt; e.initiatorType === 'xmlhttprequest' || e.initiatorType === 'fetch').every(e =&gt; e.responseEnd &gt; 0);</arg>
<doc>Runs the specified keyword and retries if it fails.</doc>
<status status="PASS" start="2025-10-06T17:58:25.882013" elapsed="0.011542"/>
</kw>
<doc>Waits until there are no active network requests (XHR/fetch)</doc>
<status status="PASS" start="2025-10-06T17:58:25.881503" elapsed="0.012213"/>
</kw>
<kw name="Wait Until DOM Is Stable" owner="resource">
<kw name="Execute Javascript" owner="SeleniumLibrary">
<msg time="2025-10-06T17:58:25.895272" level="INFO">Executing JavaScript:
return document.getElementsByTagName('*').length;
Without any arguments.</msg>
<msg time="2025-10-06T17:58:25.904842" level="INFO">${initial} = 684</msg>
<var>${initial}</var>
<arg>return document.getElementsByTagName('*').length;</arg>
<doc>Executes the given JavaScript code with possible arguments.</doc>
<status status="PASS" start="2025-10-06T17:58:25.894623" elapsed="0.010301"/>
</kw>
<kw name="Sleep" owner="BuiltIn">
<msg time="2025-10-06T17:58:26.405958" level="INFO">Slept 500 milliseconds.</msg>
<arg>0.5s</arg>
<doc>Pauses the test executed for the given time.</doc>
<status status="PASS" start="2025-10-06T17:58:25.905235" elapsed="0.500941"/>
</kw>
<kw name="Execute Javascript" owner="SeleniumLibrary">
<msg time="2025-10-06T17:58:26.407292" level="INFO">Executing JavaScript:
return document.getElementsByTagName('*').length;
Without any arguments.</msg>
<msg time="2025-10-06T17:58:26.421757" level="INFO">${after} = 684</msg>
<var>${after}</var>
<arg>return document.getElementsByTagName('*').length;</arg>
<doc>Executes the given JavaScript code with possible arguments.</doc>
<status status="PASS" start="2025-10-06T17:58:26.406548" elapsed="0.015298"/>
</kw>
<while condition="${initial} != ${after}">
<iter>
<kw name="Set Variable" owner="BuiltIn">
<var>${initial}</var>
<arg>${after}</arg>
<doc>Returns the given values which can then be assigned to a variables.</doc>
<status status="NOT RUN" start="2025-10-06T17:58:26.422657" elapsed="0.000071"/>
</kw>
<kw name="Sleep" owner="BuiltIn">
<arg>0.5s</arg>
<doc>Pauses the test executed for the given time.</doc>
<status status="NOT RUN" start="2025-10-06T17:58:26.423009" elapsed="0.000061"/>
</kw>
<kw name="Execute Javascript" owner="SeleniumLibrary">
<var>${after}</var>
<arg>return document.getElementsByTagName('*').length;</arg>
<doc>Executes the given JavaScript code with possible arguments.</doc>
<status status="NOT RUN" start="2025-10-06T17:58:26.423307" elapsed="0.000058"/>
</kw>
<status status="NOT RUN" start="2025-10-06T17:58:26.422024" elapsed="0.001430"/>
</iter>
<status status="NOT RUN" start="2025-10-06T17:58:26.422021" elapsed="0.001505"/>
</while>
<status status="PASS" start="2025-10-06T17:58:25.894111" elapsed="0.529554"/>
</kw>
<status status="PASS" start="2025-10-06T17:58:23.089694" elapsed="3.334087"/>
</kw>
<status status="PASS" start="2025-10-06T17:58:21.885861" elapsed="4.538028"/>
</kw>
<kw name="open schedule details page" owner="GWM_Schedules">
<kw name="Wait Until Page Ready" owner="resource">
<kw name="Wait Until Page Contains Element" owner="SeleniumLibrary">
<arg>xpath=//body</arg>
<arg>${TIMEOUT}</arg>
<doc>Waits until the element ``locator`` appears on the current page.</doc>
<status status="PASS" start="2025-10-06T17:58:26.426009" elapsed="0.017787"/>
</kw>
<kw name="Wait Until Any Loaders Disappear" owner="resource">
<kw name="Run Keyword And Ignore Error" owner="BuiltIn">
<kw name="Wait Until Element Is Not Visible" owner="SeleniumLibrary">
<arg>xpath=//div[contains(@class, 'page-loader')]</arg>
<arg>${TIMEOUT}</arg>
<doc>Waits until the element ``locator`` is not visible.</doc>
<status status="PASS" start="2025-10-06T17:58:26.445203" elapsed="0.016393"/>
</kw>
<arg>Wait Until Element Is Not Visible</arg>
<arg>xpath=//div[contains(@class, 'page-loader')]</arg>
<arg>${TIMEOUT}</arg>
<doc>Runs the given keyword with the given arguments and ignores possible error.</doc>
<status status="PASS" start="2025-10-06T17:58:26.444809" elapsed="0.016977"/>
</kw>
<kw name="Run Keyword And Ignore Error" owner="BuiltIn">
<kw name="Wait Until Element Is Not Visible" owner="SeleniumLibrary">
<arg>xpath=//div[contains(@class, 'loading-overlay')]</arg>
<arg>${TIMEOUT}</arg>
<doc>Waits until the element ``locator`` is not visible.</doc>
<status status="PASS" start="2025-10-06T17:58:26.462434" elapsed="0.013585"/>
</kw>
<arg>Wait Until Element Is Not Visible</arg>
<arg>xpath=//div[contains(@class, 'loading-overlay')]</arg>
<arg>${TIMEOUT}</arg>
<doc>Runs the given keyword with the given arguments and ignores possible error.</doc>
<status status="PASS" start="2025-10-06T17:58:26.462092" elapsed="0.014121"/>
</kw>
<kw name="Run Keyword And Ignore Error" owner="BuiltIn">
<kw name="Wait Until Element Is Not Visible" owner="SeleniumLibrary">
<arg>xpath=//div[contains(@class, 'vm-loading-wrapper')]</arg>
<arg>${TIMEOUT}</arg>
<doc>Waits until the element ``locator`` is not visible.</doc>
<status status="PASS" start="2025-10-06T17:58:26.476868" elapsed="0.014552"/>
</kw>
<arg>Wait Until Element Is Not Visible</arg>
<arg>xpath=//div[contains(@class, 'vm-loading-wrapper')]</arg>
<arg>${TIMEOUT}</arg>
<doc>Runs the given keyword with the given arguments and ignores possible error.</doc>
<status status="PASS" start="2025-10-06T17:58:26.476522" elapsed="0.015095"/>
</kw>
<kw name="Run Keyword And Ignore Error" owner="BuiltIn">
<kw name="Wait Until Element Is Not Visible" owner="SeleniumLibrary">
<arg>xpath=//div[contains(@class, 'modal-backdrop')]</arg>
<arg>${TIMEOUT}</arg>
<doc>Waits until the element ``locator`` is not visible.</doc>
<status status="PASS" start="2025-10-06T17:58:26.492270" elapsed="0.015318"/>
</kw>
<arg>Wait Until Element Is Not Visible</arg>
<arg>xpath=//div[contains(@class, 'modal-backdrop')]</arg>
<arg>${TIMEOUT}</arg>
<doc>Runs the given keyword with the given arguments and ignores possible error.</doc>
<status status="PASS" start="2025-10-06T17:58:26.491931" elapsed="0.015846"/>
</kw>
<status status="PASS" start="2025-10-06T17:58:26.444252" elapsed="0.063672"/>
</kw>
<kw name="Wait Until Network Is Idle" owner="resource">
<kw name="Wait Until Keyword Succeeds" owner="BuiltIn">
<kw name="Execute Javascript" owner="SeleniumLibrary">
<msg time="2025-10-06T17:58:26.509879" level="INFO">Executing JavaScript:
return window.performance.getEntriesByType('resource').filter(e =&gt; e.initiatorType === 'xmlhttprequest' || e.initiatorType === 'fetch').every(e =&gt; e.responseEnd &gt; 0);
Without any arguments.</msg>
[...]
<status status="NOT RUN" start="2025-10-06T17:58:43.456944" elapsed="0.000059"/>
</kw>
<status status="NOT RUN" start="2025-10-06T17:58:43.455668" elapsed="0.001425"/>
</iter>
<status status="NOT RUN" start="2025-10-06T17:58:43.455665" elapsed="0.001498"/>
</while>
<status status="PASS" start="2025-10-06T17:58:42.929921" elapsed="0.527378"/>
</kw>
<status status="PASS" start="2025-10-06T17:58:42.839177" elapsed="0.618243"/>
</kw>
<status status="PASS" start="2025-10-06T17:58:42.082912" elapsed="1.374620"/>
</kw>
<kw name="click on add shift button on schedule details page" owner="GWM_Schedules">
<kw name="Wait Until Page Ready" owner="resource">
<kw name="Wait Until Page Contains Element" owner="SeleniumLibrary">
<arg>xpath=//body</arg>
<arg>${TIMEOUT}</arg>
<doc>Waits until the element ``locator`` appears on the current page.</doc>
<status status="PASS" start="2025-10-06T17:58:43.459622" elapsed="0.015813"/>
</kw>
<kw name="Wait Until Any Loaders Disappear" owner="resource">
<kw name="Run Keyword And Ignore Error" owner="BuiltIn">
<kw name="Wait Until Element Is Not Visible" owner="SeleniumLibrary">
<arg>xpath=//div[contains(@class, 'page-loader')]</arg>
<arg>${TIMEOUT}</arg>
<doc>Waits until the element ``locator`` is not visible.</doc>
<status status="PASS" start="2025-10-06T17:58:43.476923" elapsed="0.017556"/>
</kw>
<arg>Wait Until Element Is Not Visible</arg>
<arg>xpath=//div[contains(@class, 'page-loader')]</arg>
<arg>${TIMEOUT}</arg>
<doc>Runs the given keyword with the given arguments and ignores possible error.</doc>
<status status="PASS" start="2025-10-06T17:58:43.476370" elapsed="0.018382"/>
</kw>
<kw name="Run Keyword And Ignore Error" owner="BuiltIn">
<kw name="Wait Until Element Is Not Visible" owner="SeleniumLibrary">
<arg>xpath=//div[contains(@class, 'loading-overlay')]</arg>
<arg>${TIMEOUT}</arg>
<doc>Waits until the element ``locator`` is not visible.</doc>
<status status="PASS" start="2025-10-06T17:58:43.495751" elapsed="0.016769"/>
</kw>
<arg>Wait Until Element Is Not Visible</arg>
<arg>xpath=//div[contains(@class, 'loading-overlay')]</arg>
<arg>${TIMEOUT}</arg>
<doc>Runs the given keyword with the given arguments and ignores possible error.</doc>
<status status="PASS" start="2025-10-06T17:58:43.495189" elapsed="0.017531"/>
</kw>
<kw name="Run Keyword And Ignore Error" owner="BuiltIn">
<kw name="Wait Until Element Is Not Visible" owner="SeleniumLibrary">
<arg>xpath=//div[contains(@class, 'vm-loading-wrapper')]</arg>
<arg>${TIMEOUT}</arg>
<doc>Waits until the element ``locator`` is not visible.</doc>
<status status="PASS" start="2025-10-06T17:58:43.513360" elapsed="0.013882"/>
</kw>
<arg>Wait Until Element Is Not Visible</arg>
<arg>xpath=//div[contains(@class, 'vm-loading-wrapper')]</arg>
<arg>${TIMEOUT}</arg>
<doc>Runs the given keyword with the given arguments and ignores possible error.</doc>
<status status="PASS" start="2025-10-06T17:58:43.513025" elapsed="0.014512"/>
</kw>
<kw name="Run Keyword And Ignore Error" owner="BuiltIn">
<kw name="Wait Until Element Is Not Visible" owner="SeleniumLibrary">
<arg>xpath=//div[contains(@class, 'modal-backdrop')]</arg>
<arg>${TIMEOUT}</arg>
<doc>Waits until the element ``locator`` is not visible.</doc>
<status status="PASS" start="2025-10-06T17:58:43.528880" elapsed="0.017923"/>
</kw>
<arg>Wait Until Element Is Not Visible</arg>
<arg>xpath=//div[contains(@class, 'modal-backdrop')]</arg>
<arg>${TIMEOUT}</arg>
<doc>Runs the given keyword with the given arguments and ignores possible error.</doc>
<status status="PASS" start="2025-10-06T17:58:43.527980" elapsed="0.019011"/>
</kw>
<status status="PASS" start="2025-10-06T17:58:43.475851" elapsed="0.071288"/>
</kw>
<kw name="Wait Until Network Is Idle" owner="resource">
<kw name="Wait Until Keyword Succeeds" owner="BuiltIn">
<kw name="Execute Javascript" owner="SeleniumLibrary">
<msg time="2025-10-06T17:58:43.549103" level="INFO">Executing JavaScript:
return window.performance.getEntriesByType('resource').filter(e =&gt; e.initiatorType === 'xmlhttprequest' || e.initiatorType === 'fetch').every(e =&gt; e.responseEnd &gt; 0);
Without any arguments.</msg>
<arg>return window.performance.getEntriesByType('resource').filter(e =&gt; e.initiatorType === 'xmlhttprequest' || e.initiatorType === 'fetch').every(e =&gt; e.responseEnd &gt; 0);</arg>
<doc>Executes the given JavaScript code with possible arguments.</doc>
<status status="PASS" start="2025-10-06T17:58:43.548394" elapsed="0.009182"/>
</kw>
<arg>10x</arg>
<arg>1s</arg>
<arg>Execute JavaScript</arg>
<arg>return window.performance.getEntriesByType('resource').filter(e =&gt; e.initiatorType === 'xmlhttprequest' || e.initiatorType === 'fetch').every(e =&gt; e.responseEnd &gt; 0);</arg>
<doc>Runs the specified keyword and retries if it fails.</doc>
<status status="PASS" start="2025-10-06T17:58:43.547941" elapsed="0.009820"/>
</kw>
<doc>Waits until there are no active network requests (XHR/fetch)</doc>
<status status="PASS" start="2025-10-06T17:58:43.547443" elapsed="0.010471"/>
</kw>
<kw name="Wait Until DOM Is Stable" owner="resource">
<kw name="Execute Javascript" owner="SeleniumLibrary">
<msg time="2025-10-06T17:58:43.560336" level="INFO">Executing JavaScript:
return document.getElementsByTagName('*').length;
Without any arguments.</msg>
<msg time="2025-10-06T17:58:43.569147" level="INFO">${initial} = 2086</msg>
<var>${initial}</var>
<arg>return document.getElementsByTagName('*').length;</arg>
<doc>Executes the given JavaScript code with possible arguments.</doc>
<status status="PASS" start="2025-10-06T17:58:43.558779" elapsed="0.010448"/>
</kw>
<kw name="Sleep" owner="BuiltIn">
<msg time="2025-10-06T17:58:44.070310" level="INFO">Slept 500 milliseconds.</msg>
<arg>0.5s</arg>
<doc>Pauses the test executed for the given time.</doc>
<status status="PASS" start="2025-10-06T17:58:43.569517" elapsed="0.501025"/>
</kw>
<kw name="Execute Javascript" owner="SeleniumLibrary">
<msg time="2025-10-06T17:58:44.071688" level="INFO">Executing JavaScript:
return document.getElementsByTagName('*').length;
Without any arguments.</msg>
<msg time="2025-10-06T17:58:44.084599" level="INFO">${after} = 2086</msg>
<var>${after}</var>
<arg>return document.getElementsByTagName('*').length;</arg>
<doc>Executes the given JavaScript code with possible arguments.</doc>
<status status="PASS" start="2025-10-06T17:58:44.070930" elapsed="0.013759"/>
</kw>
<while condition="${initial} != ${after}">
<iter>
<kw name="Set Variable" owner="BuiltIn">
<var>${initial}</var>
<arg>${after}</arg>
<doc>Returns the given values which can then be assigned to a variables.</doc>
<status status="NOT RUN" start="2025-10-06T17:58:44.085491" elapsed="0.000068"/>
</kw>
<kw name="Sleep" owner="BuiltIn">
<arg>0.5s</arg>
<doc>Pauses the test executed for the given time.</doc>
<status status="NOT RUN" start="2025-10-06T17:58:44.085832" elapsed="0.000062"/>
</kw>
<kw name="Execute Javascript" owner="SeleniumLibrary">
<var>${after}</var>
<arg>return document.getElementsByTagName('*').length;</arg>
<doc>Executes the given JavaScript code with possible arguments.</doc>
<status status="NOT RUN" start="2025-10-06T17:58:44.086134" elapsed="0.000060"/>
</kw>
<status status="NOT RUN" start="2025-10-06T17:58:44.084863" elapsed="0.001430"/>
</iter>
<status status="NOT RUN" start="2025-10-06T17:58:44.084860" elapsed="0.001506"/>
</while>
<status status="PASS" start="2025-10-06T17:58:43.558286" elapsed="0.528218"/>
</kw>
<status status="PASS" start="2025-10-06T17:58:43.459150" elapsed="0.627473"/>
</kw>
<kw name="Wait Until Element Is Visible" owner="SeleniumLibrary">
<arg>//button[contains(@class,'k-button k-button-md k-button-solid k-button-solid-primary k-rounded-md pr-b')]//span[text()='Add Shift']</arg>
<arg>${TIMEOUT}</arg>
<doc>Waits until the element ``locator`` is visible.</doc>
<status status="PASS" start="2025-10-06T17:58:44.086844" elapsed="0.035329"/>
</kw>
<kw name="Scroll Element Into View" owner="SeleniumLibrary">
<arg>//button[contains(@class,'k-button k-button-md k-button-solid k-button-solid-primary k-rounded-md pr-b')]//span[text()='Add Shift']</arg>
<doc>Scrolls the element identified by ``locator`` into view.</doc>
<status status="PASS" start="2025-10-06T17:58:44.122533" elapsed="0.295661"/>
</kw>
<kw name="Click Element" owner="SeleniumLibrary">
<msg time="2025-10-06T17:58:44.419018" level="INFO">Clicking element '(//button[contains(@class,'k-button k-button-md k-button-solid k-button-solid-primary k-rounded-md pr-b')]//span[text()='Add Shift'])[2]'.</msg>
<arg>(//button[contains(@class,'k-button k-button-md k-button-solid k-button-solid-primary k-rounded-md pr-b')]//span[text()='Add Shift'])[2]</arg>
<doc>Click the element identified by ``locator``.</doc>
<status status="PASS" start="2025-10-06T17:58:44.418603" elapsed="0.119363"/>
</kw>
<kw name="Wait Until Page Ready" owner="resource">
<kw name="Wait Until Page Contains Element" owner="SeleniumLibrary">
<arg>xpath=//body</arg>
<arg>${TIMEOUT}</arg>
<doc>Waits until the element ``locator`` appears on the current page.</doc>
<status status="PASS" start="2025-10-06T17:58:44.538633" elapsed="0.017629"/>
</kw>
<kw name="Wait Until Any Loaders Disappear" owner="resource">
<kw name="Run Keyword And Ignore Error" owner="BuiltIn">
<kw name="Wait Until Element Is Not Visible" owner="SeleniumLibrary">
<arg>xpath=//div[contains(@class, 'page-loader')]</arg>
<arg>${TIMEOUT}</arg>
<doc>Waits until the element ``locator`` is not visible.</doc>
<status status="PASS" start="2025-10-06T17:58:44.557099" elapsed="0.011078"/>
</kw>
<arg>Wait Until Element Is Not Visible</arg>
<arg>xpath=//div[contains(@class, 'page-loader')]</arg>
<arg>${TIMEOUT}</arg>
<doc>Runs the given keyword with the given arguments and ignores possible error.</doc>
<status status="PASS" start="2025-10-06T17:58:44.556949" elapsed="0.011334"/>
</kw>
<kw name="Run Keyword And Ignore Error" owner="BuiltIn">
<kw name="Wait Until Element Is Not Visible" owner="SeleniumLibrary">
<arg>xpath=//div[contains(@class, 'loading-overlay')]</arg>
<arg>${TIMEOUT}</arg>
<doc>Waits until the element ``locator`` is not visible.</doc>
<status status="PASS" start="2025-10-06T17:58:44.568643" elapsed="0.010696"/>
</kw>
<arg>Wait Until Element Is Not Visible</arg>
<arg>xpath=//div[contains(@class, 'loading-overlay')]</arg>
<arg>${TIMEOUT}</arg>
<doc>Runs the given keyword with the given arguments and ignores possible error.</doc>
<status status="PASS" start="2025-10-06T17:58:44.568453" elapsed="0.010975"/>
</kw>
<kw name="Run Keyword And Ignore Error" owner="BuiltIn">
<kw name="Wait Until Element Is Not Visible" owner="SeleniumLibrary">
<arg>xpath=//div[contains(@class, 'vm-loading-wrapper')]</arg>
<arg>${TIMEOUT}</arg>
<doc>Waits until the element ``locator`` is not visible.</doc>
<status status="PASS" start="2025-10-06T17:58:44.579732" elapsed="11.160151"/>
</kw>
<arg>Wait Until Element Is Not Visible</arg>
<arg>xpath=//div[contains(@class, 'vm-loading-wrapper')]</arg>
<arg>${TIMEOUT}</arg>
<doc>Runs the given keyword with the given arguments and ignores possible error.</doc>
<status status="PASS" start="2025-10-06T17:58:44.579572" elapsed="11.160400"/>
</kw>
<kw name="Run Keyword And Ignore Error" owner="BuiltIn">
<kw name="Wait Until Element Is Not Visible" owner="SeleniumLibrary">
<arg>xpath=//div[contains(@class, 'modal-backdrop')]</arg>
<arg>${TIMEOUT}</arg>
<doc>Waits until the element ``locator`` is not visible.</doc>
<status status="PASS" start="2025-10-06T17:58:55.740285" elapsed="0.010242"/>
</kw>
<arg>Wait Until Element Is Not Visible</arg>
<arg>xpath=//div[contains(@class, 'modal-backdrop')]</arg>
<arg>${TIMEOUT}</arg>
<doc>Runs the given keyword with the given arguments and ignores possible error.</doc>
<status status="PASS" start="2025-10-06T17:58:55.740114" elapsed="0.010620"/>
</kw>
<status status="PASS" start="2025-10-06T17:58:44.556558" elapsed="11.194338"/>
</kw>
<kw name="Wait Until Network Is Idle" owner="resource">
<kw name="Wait Until Keyword Succeeds" owner="BuiltIn">
<kw name="Execute Javascript" owner="SeleniumLibrary">
<msg time="2025-10-06T17:58:55.752974" level="INFO">Executing JavaScript:
return window.performance.getEntriesByType('resource').filter(e =&gt; e.initiatorType === 'xmlhttprequest' || e.initiatorType === 'fetch').every(e =&gt; e.responseEnd &gt; 0);
Without any arguments.</msg>
<arg>return window.performance.getEntriesByType('resource').filter(e =&gt; e.initiatorType === 'xmlhttprequest' || e.initiatorType === 'fetch').every(e =&gt; e.responseEnd &gt; 0);</arg>
<doc>Executes the given JavaScript code with possible arguments.</doc>
<status status="PASS" start="2025-10-06T17:58:55.752254" elapsed="0.009394"/>
</kw>
<arg>10x</arg>
<arg>1s</arg>
<arg>Execute JavaScript</arg>
<arg>return window.performance.getEntriesByType('resource').filter(e =&gt; e.initiatorType === 'xmlhttprequest' || e.initiatorType === 'fetch').every(e =&gt; e.responseEnd &gt; 0);</arg>
<doc>Runs the specified keyword and retries if it fails.</doc>
<status status="PASS" start="2025-10-06T17:58:55.751828" elapsed="0.010001"/>
</kw>
<doc>Waits until there are no active network requests (XHR/fetch)</doc>
<status status="PASS" start="2025-10-06T17:58:55.751232" elapsed="0.010760"/>
</kw>
<kw name="Wait Until DOM Is Stable" owner="resource">
<kw name="Execute Javascript" owner="SeleniumLibrary">
<msg time="2025-10-06T17:58:55.763561" level="INFO">Executing JavaScript:
return document.getElementsByTagName('*').length;
Without any arguments.</msg>
<msg time="2025-10-06T17:58:55.771607" level="INFO">${initial} = 1615</msg>
<var>${initial}</var>
<arg>return document.getElementsByTagName('*').length;</arg>
<doc>Executes the given JavaScript code with possible arguments.</doc>
<status status="PASS" start="2025-10-06T17:58:55.762873" elapsed="0.008814"/>
</kw>
<kw name="Sleep" owner="BuiltIn">
<msg time="2025-10-06T17:58:56.272855" level="INFO">Slept 500 milliseconds.</msg>
<arg>0.5s</arg>
<doc>Pauses the test executed for the given time.</doc>
<status status="PASS" start="2025-10-06T17:58:55.771991" elapsed="0.501085"/>
</kw>
<kw name="Execute Javascript" owner="SeleniumLibrary">
<msg time="2025-10-06T17:58:56.274179" level="INFO">Executing JavaScript:
return document.getElementsByTagName('*').length;
Without any arguments.</msg>
<msg time="2025-10-06T17:58:56.287547" level="INFO">${after} = 1615</msg>
<var>${after}</var>
<arg>return document.getElementsByTagName('*').length;</arg>
<doc>Executes the given JavaScript code with possible arguments.</doc>
<status status="PASS" start="2025-10-06T17:58:56.273449" elapsed="0.014211"/>
</kw>
<while condition="${initial} != ${after}">
<iter>
<kw name="Set Variable" owner="BuiltIn">
<var>${initial}</var>
<arg>${after}</arg>
<doc>Returns the given values which can then be assigned to a variables.</doc>
<status status="NOT RUN" start="2025-10-06T17:58:56.288749" elapsed="0.000097"/>
</kw>
<kw name="Sleep" owner="BuiltIn">
<arg>0.5s</arg>
<doc>Pauses the test executed for the given time.</doc>
<status status="NOT RUN" start="2025-10-06T17:58:56.289228" elapsed="0.000094"/>
</kw>
<kw name="Execute Javascript" owner="SeleniumLibrary">
<var>${after}</var>
<arg>return document.getElementsByTagName('*').length;</arg>
<doc>Executes the given JavaScript code with possible arguments.</doc>
<status status="NOT RUN" start="2025-10-06T17:58:56.289676" elapsed="0.000084"/>
</kw>
<status status="NOT RUN" start="2025-10-06T17:58:56.287877" elapsed="0.002011"/>
</iter>
<status status="NOT RUN" start="2025-10-06T17:58:56.287873" elapsed="0.002117"/>
</while>
<status status="PASS" start="2025-10-06T17:58:55.762372" elapsed="0.527816"/>
</kw>
<status status="PASS" start="2025-10-06T17:58:44.538283" elapsed="11.752072"/>
</kw>
<status status="PASS" start="2025-10-06T17:58:43.458565" elapsed="12.831942"/>
</kw>
<kw name="close browser session" owner="resource" type="TEARDOWN">
<kw name="Close Browser" owner="SeleniumLibrary">
<doc>Closes the current browser.</doc>
<status status="PASS" start="2025-10-06T17:58:56.292651" elapsed="2.196559"/>
</kw>
<status status="PASS" start="2025-10-06T17:58:56.291864" elapsed="2.197600"/>
</kw>
<status status="PASS" start="2025-10-06T17:58:03.139346" elapsed="55.351172"/>
</test>
<doc>Definity</doc>
<status status="PASS" start="2025-10-06T17:58:02.664248" elapsed="55.829638"/>
</suite>
<status status="PASS" start="2025-10-06T17:58:02.663143" elapsed="55.834094"/>
</suite>
<status status="PASS" start="2025-10-06T17:58:02.640516" elapsed="55.859169"/>
</suite>
<statistics>
<total>
<stat pass="1" fail="0" skip="0">All Tests</stat>
</total>
<tag>
</tag>
<suite>
<stat name="DEFINITY REGRESSION" id="s1" pass="1" fail="0" skip="0">DEFINITY REGRESSION</stat>
<stat name="Tests" id="s1-s1" pass="1" fail="0" skip="0">DEFINITY REGRESSION.Tests</stat>
<stat name="GWM tests" id="s1-s1-s1" pass="1" fail="0" skip="0">DEFINITY REGRESSION.Tests.GWM tests</stat>
</suite>
</statistics>
<errors>
<msg time="2025-10-06T17:58:03.098525" level="ERROR">Error in file 'C:\Users\costrategix\PycharmProjects\DEFINITY_REGRESSION\Resources\variables.robot' on line 7: Importing library 'Random' failed: ModuleNotFoundError: No module named 'Random'
Traceback (most recent call last):
  None
PYTHONPATH:
  C:\Users\costrategix\PycharmProjects\DEFINITY_REGRESSION
  C:\Users\costrategix\PycharmProjects\DEFINITY_REGRESSION
  C:\Users\costrategix\PycharmProjects\DEFINITY_REGRESSION\.venv\Scripts\python313.zip
  C:\Users\costrategix\Python\DLLs
  C:\Users\costrategix\Python\Lib
  C:\Users\costrategix\Python
  C:\Users\costrategix\PycharmProjects\DEFINITY_REGRESSION\.venv
  C:\Users\costrategix\PycharmProjects\DEFINITY_REGRESSION\.venv\Lib\site-packages</msg>
<msg time="2025-10-06T17:58:03.114093" level="ERROR">Error in file 'C:\Users\costrategix\PycharmProjects\DEFINITY_REGRESSION\POM\GWM_FloatPool.robot' on line 12: Importing library 'Random' failed: ModuleNotFoundError: No module named 'Random'
Traceback (most recent call last):
  None
PYTHONPATH:
  C:\Users\costrategix\PycharmProjects\DEFINITY_REGRESSION
  C:\Users\costrategix\PycharmProjects\DEFINITY_REGRESSION
  C:\Users\costrategix\PycharmProjects\DEFINITY_REGRESSION\.venv\Scripts\python313.zip
  C:\Users\costrategix\Python\DLLs
  C:\Users\costrategix\Python\Lib
  C:\Users\costrategix\Python
  C:\Users\costrategix\PycharmProjects\DEFINITY_REGRESSION\.venv
  C:\Users\costrategix\PycharmProjects\DEFINITY_REGRESSION\.venv\Lib\site-packages</msg>
<msg time="2025-10-06T17:58:03.128198" level="ERROR">Error in file 'C:\Users\costrategix\PycharmProjects\DEFINITY_REGRESSION\POM\GWM_Schedules.robot' on line 12: Importing library 'Random' failed: ModuleNotFoundError: No module named 'Random'
Traceback (most recent call last):
  None
PYTHONPATH:
  C:\Users\costrategix\PycharmProjects\DEFINITY_REGRESSION
  C:\Users\costrategix\PycharmProjects\DEFINITY_REGRESSION
  C:\Users\costrategix\PycharmProjects\DEFINITY_REGRESSION\.venv\Scripts\python313.zip
  C:\Users\costrategix\Python\DLLs
  C:\Users\costrategix\Python\Lib
  C:\Users\costrategix\Python
  C:\Users\costrategix\PycharmProjects\DEFINITY_REGRESSION\.venv
  C:\Users\costrategix\PycharmProjects\DEFINITY_REGRESSION\.venv\Lib\site-packages</msg>
<msg time="2025-10-06T17:58:03.136021" level="ERROR">Error in file 'C:\Users\costrategix\PycharmProjects\DEFINITY_REGRESSION\POM\GWM_Dashboard.robot' on line 12: Importing library 'Random' failed: ModuleNotFoundError: No module named 'Random'
Traceback (most recent call last):
  None
PYTHONPATH:
  C:\Users\costrategix\PycharmProjects\DEFINITY_REGRESSION
  C:\Users\costrategix\PycharmProjects\DEFINITY_REGRESSION
  C:\Users\costrategix\PycharmProjects\DEFINITY_REGRESSION\.venv\Scripts\python313.zip
  C:\Users\costrategix\Python\DLLs
  C:\Users\costrategix\Python\Lib
  C:\Users\costrategix\Python
  C:\Users\costrategix\PycharmProjects\DEFINITY_REGRESSION\.venv
  C:\Users\costrategix\PycharmProjects\DEFINITY_REGRESSION\.venv\Lib\site-packages</msg>
</errors>
</robot>
